TimeQuest Timing Analyzer report for control_logic
Thu Jan  5 22:32:28 2017
Quartus II 64-Bit Version 13.0.1 Build 232 06/12/2013 Service Pack 1 SJ Web Edition


---------------------
; Table of Contents ;
---------------------
  1. Legal Notice
  2. TimeQuest Timing Analyzer Summary
  3. Parallel Compilation
  4. Clocks
  5. Slow Model Fmax Summary
  6. Slow Model Setup Summary
  7. Slow Model Hold Summary
  8. Slow Model Recovery Summary
  9. Slow Model Removal Summary
 10. Slow Model Minimum Pulse Width Summary
 11. Propagation Delay
 12. Minimum Propagation Delay
 13. Fast Model Setup Summary
 14. Fast Model Hold Summary
 15. Fast Model Recovery Summary
 16. Fast Model Removal Summary
 17. Fast Model Minimum Pulse Width Summary
 18. Propagation Delay
 19. Minimum Propagation Delay
 20. Multicorner Timing Analysis Summary
 21. Progagation Delay
 22. Minimum Progagation Delay
 23. Clock Transfers
 24. Report TCCS
 25. Report RSKM
 26. Unconstrained Paths
 27. TimeQuest Timing Analyzer Messages



----------------
; Legal Notice ;
----------------
Copyright (C) 1991-2013 Altera Corporation
Your use of Altera Corporation's design tools, logic functions 
and other software and tools, and its AMPP partner logic 
functions, and any output files from any of the foregoing 
(including device programming or simulation files), and any 
associated documentation or information are expressly subject 
to the terms and conditions of the Altera Program License 
Subscription Agreement, Altera MegaCore Function License 
Agreement, or other applicable license agreement, including, 
without limitation, that your use is for the sole purpose of 
programming logic devices manufactured by Altera and sold by 
Altera or its authorized distributors.  Please refer to the 
applicable agreement for further details.



+----------------------------------------------------------------------------------------+
; TimeQuest Timing Analyzer Summary                                                      ;
+--------------------+-------------------------------------------------------------------+
; Quartus II Version ; Version 13.0.1 Build 232 06/12/2013 Service Pack 1 SJ Web Edition ;
; Revision Name      ; control_logic                                                     ;
; Device Family      ; Cyclone II                                                        ;
; Device Name        ; EP2C5AT144A7                                                      ;
; Timing Models      ; Final                                                             ;
; Delay Model        ; Combined                                                          ;
; Rise/Fall Delays   ; Unavailable                                                       ;
+--------------------+-------------------------------------------------------------------+


Parallel compilation was disabled, but you have multiple processors available. Enable parallel compilation to reduce compilation time.
+-------------------------------------+
; Parallel Compilation                ;
+----------------------------+--------+
; Processors                 ; Number ;
+----------------------------+--------+
; Number detected on machine ; 2      ;
; Maximum allowed            ; 1      ;
+----------------------------+--------+


----------
; Clocks ;
----------
No clocks to report.


---------------------------
; Slow Model Fmax Summary ;
---------------------------
No paths to report.


----------------------------
; Slow Model Setup Summary ;
----------------------------
No paths to report.


---------------------------
; Slow Model Hold Summary ;
---------------------------
No paths to report.


-------------------------------
; Slow Model Recovery Summary ;
-------------------------------
No paths to report.


------------------------------
; Slow Model Removal Summary ;
------------------------------
No paths to report.


------------------------------------------
; Slow Model Minimum Pulse Width Summary ;
------------------------------------------
No paths to report.


+--------------------------------------------------------------------+
; Propagation Delay                                                  ;
+---------------+----------------+--------+--------+--------+--------+
; Input Port    ; Output Port    ; RR     ; RF     ; FR     ; FF     ;
+---------------+----------------+--------+--------+--------+--------+
; INC_CARRY     ; LINK_COMP      ; 10.689 ;        ;        ; 10.689 ;
; IR[0]         ; AC_LOAD        ; 15.836 ;        ;        ; 15.836 ;
; IR[0]         ; ALU_FUNC_SEL_2 ; 14.317 ;        ;        ; 14.317 ;
; IR[0]         ; LINK_COMP      ; 14.529 ;        ;        ; 14.529 ;
; IR[0]         ; LINK_LOAD      ; 14.880 ;        ;        ; 14.880 ;
; IR[0]         ; LINK_OUT_SEL   ; 14.602 ;        ;        ; 14.602 ;
; IR[0]         ; MA_CLR_HI      ; 12.392 ;        ;        ; 12.392 ;
; IR[0]         ; MA_LOAD_HI     ;        ; 11.807 ; 11.807 ;        ;
; IR[0]         ; MD_BUS_SEL     ;        ; 12.328 ; 12.328 ;        ;
; IR[0]         ; PC_BUS_SEL     ; 17.071 ;        ;        ; 17.071 ;
; IR[0]         ; PC_LOAD_HI     ; 17.611 ;        ;        ; 17.611 ;
; IR[0]         ; PC_LOAD_LO     ; 17.606 ;        ;        ; 17.606 ;
; IR[0]         ; SR_BUS_SEL     ; 14.337 ;        ;        ; 14.337 ;
; IR[1]         ; AC_LOAD        ; 15.394 ;        ;        ; 15.394 ;
; IR[1]         ; ALU_FUNC_SEL_2 ; 13.875 ;        ;        ; 13.875 ;
; IR[1]         ; LINK_COMP      ; 14.087 ;        ;        ; 14.087 ;
; IR[1]         ; LINK_LOAD      ; 14.438 ;        ;        ; 14.438 ;
; IR[1]         ; LINK_OUT_SEL   ; 14.160 ;        ;        ; 14.160 ;
; IR[1]         ; MA_CLR_HI      ; 11.922 ;        ;        ; 11.922 ;
; IR[1]         ; MA_LOAD_HI     ;        ; 11.337 ; 11.337 ;        ;
; IR[1]         ; MD_BUS_SEL     ;        ; 11.856 ; 11.856 ;        ;
; IR[1]         ; PC_BUS_SEL     ; 16.629 ;        ;        ; 16.629 ;
; IR[1]         ; PC_LOAD_HI     ; 17.169 ;        ;        ; 17.169 ;
; IR[1]         ; PC_LOAD_LO     ; 17.164 ;        ;        ; 17.164 ;
; IR[1]         ; SR_BUS_SEL     ; 13.895 ;        ;        ; 13.895 ;
; IR[2]         ; AC_LOAD        ; 15.545 ;        ;        ; 15.545 ;
; IR[2]         ; ALU_FUNC_SEL_2 ; 14.026 ;        ;        ; 14.026 ;
; IR[2]         ; LINK_COMP      ; 14.238 ;        ;        ; 14.238 ;
; IR[2]         ; LINK_LOAD      ; 14.589 ;        ;        ; 14.589 ;
; IR[2]         ; LINK_OUT_SEL   ; 14.311 ;        ;        ; 14.311 ;
; IR[2]         ; PC_BUS_SEL     ; 16.780 ;        ;        ; 16.780 ;
; IR[2]         ; PC_LOAD_HI     ; 17.320 ;        ;        ; 17.320 ;
; IR[2]         ; PC_LOAD_LO     ; 17.315 ;        ;        ; 17.315 ;
; IR[2]         ; SR_BUS_SEL     ; 14.046 ;        ;        ; 14.046 ;
; IR[3]         ; AC_LOAD        ; 14.419 ; 14.419 ; 14.419 ; 14.419 ;
; IR[3]         ; ALU_FUNC_SEL_2 ; 12.030 ;        ;        ; 12.030 ;
; IR[3]         ; LINK_COMP      ;        ; 11.807 ; 11.807 ;        ;
; IR[3]         ; LINK_LOAD      ;        ; 12.155 ; 12.155 ;        ;
; IR[3]         ; LINK_OUT_SEL   ;        ; 11.514 ; 11.514 ;        ;
; IR[3]         ; PC_BUS_SEL     ; 13.944 ;        ;        ; 13.944 ;
; IR[3]         ; PC_LOAD_HI     ; 14.484 ;        ;        ; 14.484 ;
; IR[3]         ; PC_LOAD_LO     ; 14.479 ;        ;        ; 14.479 ;
; IR[3]         ; SR_BUS_SEL     ; 12.050 ;        ;        ; 12.050 ;
; IR[4]         ; AC_LOAD        ; 13.361 ;        ;        ; 13.361 ;
; IR[4]         ; MA_CLR_HI      ;        ; 12.775 ; 12.775 ;        ;
; IR[4]         ; MA_LOAD_HI     ; 12.190 ;        ;        ; 12.190 ;
; IR[5]         ; LINK_LOAD      ; 11.676 ;        ;        ; 11.676 ;
; IR[5]         ; LINK_OUT_SEL   ; 10.746 ;        ;        ; 10.746 ;
; IR[5]         ; PC_BUS_SEL     ; 13.950 ;        ;        ; 13.950 ;
; IR[5]         ; PC_LOAD_HI     ; 14.490 ;        ;        ; 14.490 ;
; IR[5]         ; PC_LOAD_LO     ; 14.485 ;        ;        ; 14.485 ;
; IR[6]         ; AC_LOAD        ; 14.000 ; 14.000 ; 14.000 ; 14.000 ;
; IR[6]         ; PC_BUS_SEL     ; 14.645 ;        ;        ; 14.645 ;
; IR[6]         ; PC_LOAD_HI     ; 15.185 ;        ;        ; 15.185 ;
; IR[6]         ; PC_LOAD_LO     ; 15.180 ;        ;        ; 15.180 ;
; IR[7]         ; LINK_COMP      ; 10.495 ;        ;        ; 10.495 ;
; IR[7]         ; LINK_LOAD      ; 10.886 ;        ;        ; 10.886 ;
; IR[7]         ; PC_BUS_SEL     ; 14.458 ;        ;        ; 14.458 ;
; IR[7]         ; PC_LOAD_HI     ; 14.998 ;        ;        ; 14.998 ;
; IR[7]         ; PC_LOAD_LO     ; 14.993 ;        ;        ; 14.993 ;
; IR[8]         ; AC_LOAD        ; 14.349 ; 14.349 ; 14.349 ; 14.349 ;
; IR[8]         ; ALU_FUNC_SEL_2 ; 10.793 ;        ;        ; 10.793 ;
; IR[8]         ; LINK_LOAD      ; 12.403 ;        ;        ; 12.403 ;
; IR[8]         ; PC_BUS_SEL     ;        ; 13.686 ; 13.686 ;        ;
; IR[8]         ; PC_LOAD_HI     ;        ; 14.226 ; 14.226 ;        ;
; IR[8]         ; PC_LOAD_LO     ;        ; 14.221 ; 14.221 ;        ;
; IR[8]         ; SR_BUS_SEL     ; 10.813 ;        ;        ; 10.813 ;
; IR[9]         ; AC_LOAD        ; 13.305 ; 13.305 ; 13.305 ; 13.305 ;
; IR[9]         ; ALU_FUNC_SEL_2 ; 10.958 ;        ;        ; 10.958 ;
; IR[9]         ; LINK_LOAD      ; 12.576 ;        ;        ; 12.576 ;
; IR[9]         ; SR_BUS_SEL     ; 10.978 ;        ;        ; 10.978 ;
; IR[10]        ; AC_LOAD        ; 13.994 ;        ;        ; 13.994 ;
; IR[10]        ; LINK_LOAD      ; 13.690 ;        ;        ; 13.690 ;
; IR[11]        ; AC_LOAD        ; 12.819 ; 12.819 ; 12.819 ; 12.819 ;
; IR[11]        ; ALU_FUNC_SEL_2 ;        ; 11.597 ; 11.597 ;        ;
; IR[11]        ; LINK_COMP      ; 10.006 ;        ;        ; 10.006 ;
; IR[11]        ; LINK_LOAD      ; 11.296 ;        ;        ; 11.296 ;
; IR[11]        ; PC_BUS_SEL     ;        ; 13.189 ; 13.189 ;        ;
; IR[11]        ; PC_LOAD_HI     ;        ; 13.729 ; 13.729 ;        ;
; IR[11]        ; PC_LOAD_LO     ;        ; 13.724 ; 13.724 ;        ;
; IR[11]        ; SR_BUS_SEL     ;        ; 11.617 ; 11.617 ;        ;
; IRQ           ; MA_CLR_HI      ; 11.798 ;        ;        ; 11.798 ;
; IRQ           ; MA_CLR_LO      ; 11.420 ;        ;        ; 11.420 ;
; IRQ           ; MD_BUS_SEL     ; 12.094 ;        ;        ; 12.094 ;
; IRQ           ; MD_LOAD        ; 11.747 ;        ;        ; 11.747 ;
; IRQ           ; PC_LOAD_HI     ; 12.303 ;        ;        ; 12.303 ;
; IRQ           ; PC_LOAD_LO     ; 12.298 ;        ;        ; 12.298 ;
; IS_AUTO_INDEX ; MD_BUS_SEL     ; 12.439 ;        ;        ; 12.439 ;
; IS_AUTO_INDEX ; MD_LOAD        ; 12.279 ;        ;        ; 12.279 ;
; LINK_VALUE    ; PC_BUS_SEL     ; 14.988 ;        ;        ; 14.988 ;
; LINK_VALUE    ; PC_LOAD_HI     ; 15.528 ;        ;        ; 15.528 ;
; LINK_VALUE    ; PC_LOAD_LO     ; 15.523 ;        ;        ; 15.523 ;
; s_states[0]   ; AC_LOAD        ; 15.079 ;        ;        ; 15.079 ;
; s_states[0]   ; ALU_FUNC_SEL_2 ; 13.560 ;        ;        ; 13.560 ;
; s_states[0]   ; IR_LOAD        ; 11.358 ;        ;        ; 11.358 ;
; s_states[0]   ; LINK_COMP      ; 13.772 ;        ;        ; 13.772 ;
; s_states[0]   ; LINK_LOAD      ; 14.123 ;        ;        ; 14.123 ;
; s_states[0]   ; LINK_OUT_SEL   ; 13.845 ;        ;        ; 13.845 ;
; s_states[0]   ; MA_LOAD_HI     ; 10.934 ;        ;        ; 10.934 ;
; s_states[0]   ; MD_BUS_SEL     ; 12.749 ;        ;        ; 12.749 ;
; s_states[0]   ; MD_IN_SEL      ; 10.946 ;        ;        ; 10.946 ;
; s_states[0]   ; MD_LOAD        ; 11.699 ;        ;        ; 11.699 ;
; s_states[0]   ; PC_BUS_SEL     ; 16.314 ;        ;        ; 16.314 ;
; s_states[0]   ; PC_LOAD_HI     ; 16.854 ;        ;        ; 16.854 ;
; s_states[0]   ; PC_LOAD_LO     ; 16.849 ;        ;        ; 16.849 ;
; s_states[0]   ; SR_BUS_SEL     ; 13.580 ;        ;        ; 13.580 ;
; s_states[1]   ; MA_CLR_HI      ; 11.289 ;        ;        ; 11.289 ;
; s_states[1]   ; MA_LOAD_HI     ; 11.080 ;        ;        ; 11.080 ;
; s_states[1]   ; MD_BUS_SEL     ; 12.242 ;        ;        ; 12.242 ;
; s_states[1]   ; MD_IN_SEL      ; 11.093 ;        ;        ; 11.093 ;
; s_states[1]   ; MD_LOAD        ; 12.084 ;        ;        ; 12.084 ;
; s_states[2]   ; AC_LOAD        ; 12.572 ;        ;        ; 12.572 ;
; s_states[2]   ; MD_BUS_SEL     ; 12.205 ;        ;        ; 12.205 ;
; s_states[2]   ; MD_IN_SEL      ; 11.204 ;        ;        ; 11.204 ;
; s_states[2]   ; MD_LOAD        ; 12.244 ;        ;        ; 12.244 ;
; s_states[3]   ; MA_CLR_HI      ; 12.165 ;        ;        ; 12.165 ;
; s_states[3]   ; MA_CLR_LO      ; 11.787 ;        ;        ; 11.787 ;
; s_states[3]   ; MD_BUS_SEL     ; 13.043 ;        ;        ; 13.043 ;
; s_states[3]   ; MD_LOAD        ; 12.114 ;        ;        ; 12.114 ;
; s_states[3]   ; PC_LOAD_HI     ; 13.252 ;        ;        ; 13.252 ;
; s_states[3]   ; PC_LOAD_LO     ; 13.247 ;        ;        ; 13.247 ;
; t_states[0]   ; MA_CLR_HI      ; 11.411 ;        ;        ; 11.411 ;
; t_states[0]   ; MA_CLR_LO      ; 11.033 ;        ;        ; 11.033 ;
; t_states[0]   ; MA_LOAD_HI     ; 10.838 ;        ;        ; 10.838 ;
; t_states[0]   ; MD_BUS_SEL     ; 11.616 ;        ;        ; 11.616 ;
; t_states[0]   ; MD_LOAD        ; 11.360 ;        ;        ; 11.360 ;
; t_states[0]   ; PC_BUS_SEL     ; 12.157 ;        ;        ; 12.157 ;
; t_states[1]   ; MD_LOAD        ; 11.716 ;        ;        ; 11.716 ;
; t_states[1]   ; PC_BUS_SEL     ; 12.071 ;        ;        ; 12.071 ;
; t_states[1]   ; PC_LOAD_HI     ; 12.611 ;        ;        ; 12.611 ;
; t_states[1]   ; PC_LOAD_LO     ; 12.606 ;        ;        ; 12.606 ;
; t_states[2]   ; IR_LOAD        ; 11.062 ;        ;        ; 11.062 ;
; t_states[2]   ; MD_BUS_SEL     ; 12.453 ;        ;        ; 12.453 ;
; t_states[2]   ; MD_IN_SEL      ; 10.644 ;        ;        ; 10.644 ;
; t_states[2]   ; MD_LOAD        ; 11.681 ;        ;        ; 11.681 ;
; t_states[2]   ; PC_LOAD_HI     ; 12.222 ;        ;        ; 12.222 ;
; t_states[2]   ; PC_LOAD_LO     ; 12.217 ;        ;        ; 12.217 ;
; t_states[3]   ; AC_LOAD        ; 12.516 ;        ;        ; 12.516 ;
; t_states[3]   ; ALU_FUNC_SEL_2 ; 12.734 ;        ;        ; 12.734 ;
; t_states[3]   ; LINK_COMP      ; 12.354 ;        ;        ; 12.354 ;
; t_states[3]   ; LINK_LOAD      ; 12.343 ;        ;        ; 12.343 ;
; t_states[3]   ; LINK_OUT_SEL   ; 12.184 ;        ;        ; 12.184 ;
; t_states[3]   ; MD_BUS_SEL     ; 12.919 ;        ;        ; 12.919 ;
; t_states[3]   ; MD_LOAD        ; 12.765 ;        ;        ; 12.765 ;
; t_states[3]   ; PC_BUS_SEL     ; 14.653 ;        ;        ; 14.653 ;
; t_states[3]   ; PC_LOAD_HI     ; 15.193 ;        ;        ; 15.193 ;
; t_states[3]   ; PC_LOAD_LO     ; 15.188 ;        ;        ; 15.188 ;
; t_states[3]   ; SR_BUS_SEL     ; 12.754 ;        ;        ; 12.754 ;
; t_states[4]   ; AC_LOAD        ; 13.522 ;        ;        ; 13.522 ;
; t_states[4]   ; LINK_LOAD      ; 13.218 ;        ;        ; 13.218 ;
+---------------+----------------+--------+--------+--------+--------+


+--------------------------------------------------------------------+
; Minimum Propagation Delay                                          ;
+---------------+----------------+--------+--------+--------+--------+
; Input Port    ; Output Port    ; RR     ; RF     ; FR     ; FF     ;
+---------------+----------------+--------+--------+--------+--------+
; INC_CARRY     ; LINK_COMP      ; 10.689 ;        ;        ; 10.689 ;
; IR[0]         ; AC_LOAD        ; 15.184 ;        ;        ; 15.184 ;
; IR[0]         ; ALU_FUNC_SEL_2 ; 14.317 ;        ;        ; 14.317 ;
; IR[0]         ; LINK_COMP      ; 14.529 ;        ;        ; 14.529 ;
; IR[0]         ; LINK_LOAD      ; 14.518 ;        ;        ; 14.518 ;
; IR[0]         ; LINK_OUT_SEL   ; 14.602 ;        ;        ; 14.602 ;
; IR[0]         ; MA_CLR_HI      ; 12.392 ;        ;        ; 12.392 ;
; IR[0]         ; MA_LOAD_HI     ;        ; 11.807 ; 11.807 ;        ;
; IR[0]         ; MD_BUS_SEL     ;        ; 12.328 ; 12.328 ;        ;
; IR[0]         ; PC_BUS_SEL     ; 17.071 ;        ;        ; 17.071 ;
; IR[0]         ; PC_LOAD_HI     ; 17.611 ;        ;        ; 17.611 ;
; IR[0]         ; PC_LOAD_LO     ; 17.606 ;        ;        ; 17.606 ;
; IR[0]         ; SR_BUS_SEL     ; 14.337 ;        ;        ; 14.337 ;
; IR[1]         ; AC_LOAD        ; 14.742 ;        ;        ; 14.742 ;
; IR[1]         ; ALU_FUNC_SEL_2 ; 13.875 ;        ;        ; 13.875 ;
; IR[1]         ; LINK_COMP      ; 14.087 ;        ;        ; 14.087 ;
; IR[1]         ; LINK_LOAD      ; 14.076 ;        ;        ; 14.076 ;
; IR[1]         ; LINK_OUT_SEL   ; 14.160 ;        ;        ; 14.160 ;
; IR[1]         ; MA_CLR_HI      ; 11.922 ;        ;        ; 11.922 ;
; IR[1]         ; MA_LOAD_HI     ;        ; 11.337 ; 11.337 ;        ;
; IR[1]         ; MD_BUS_SEL     ;        ; 11.856 ; 11.856 ;        ;
; IR[1]         ; PC_BUS_SEL     ; 16.629 ;        ;        ; 16.629 ;
; IR[1]         ; PC_LOAD_HI     ; 17.169 ;        ;        ; 17.169 ;
; IR[1]         ; PC_LOAD_LO     ; 17.164 ;        ;        ; 17.164 ;
; IR[1]         ; SR_BUS_SEL     ; 13.895 ;        ;        ; 13.895 ;
; IR[2]         ; AC_LOAD        ; 14.893 ;        ;        ; 14.893 ;
; IR[2]         ; ALU_FUNC_SEL_2 ; 14.026 ;        ;        ; 14.026 ;
; IR[2]         ; LINK_COMP      ; 14.238 ;        ;        ; 14.238 ;
; IR[2]         ; LINK_LOAD      ; 14.227 ;        ;        ; 14.227 ;
; IR[2]         ; LINK_OUT_SEL   ; 14.311 ;        ;        ; 14.311 ;
; IR[2]         ; PC_BUS_SEL     ; 16.780 ;        ;        ; 16.780 ;
; IR[2]         ; PC_LOAD_HI     ; 17.320 ;        ;        ; 17.320 ;
; IR[2]         ; PC_LOAD_LO     ; 17.315 ;        ;        ; 17.315 ;
; IR[2]         ; SR_BUS_SEL     ; 14.046 ;        ;        ; 14.046 ;
; IR[3]         ; AC_LOAD        ; 13.821 ; 12.459 ; 12.459 ; 13.821 ;
; IR[3]         ; ALU_FUNC_SEL_2 ; 12.030 ;        ;        ; 12.030 ;
; IR[3]         ; LINK_COMP      ;        ; 11.807 ; 11.807 ;        ;
; IR[3]         ; LINK_LOAD      ;        ; 11.796 ; 11.796 ;        ;
; IR[3]         ; LINK_OUT_SEL   ;        ; 11.514 ; 11.514 ;        ;
; IR[3]         ; PC_BUS_SEL     ; 13.944 ;        ;        ; 13.944 ;
; IR[3]         ; PC_LOAD_HI     ; 14.484 ;        ;        ; 14.484 ;
; IR[3]         ; PC_LOAD_LO     ; 14.479 ;        ;        ; 14.479 ;
; IR[3]         ; SR_BUS_SEL     ; 12.050 ;        ;        ; 12.050 ;
; IR[4]         ; AC_LOAD        ; 13.361 ;        ;        ; 13.361 ;
; IR[4]         ; MA_CLR_HI      ;        ; 12.775 ; 12.775 ;        ;
; IR[4]         ; MA_LOAD_HI     ; 12.190 ;        ;        ; 12.190 ;
; IR[5]         ; LINK_LOAD      ; 11.676 ;        ;        ; 11.676 ;
; IR[5]         ; LINK_OUT_SEL   ; 10.746 ;        ;        ; 10.746 ;
; IR[5]         ; PC_BUS_SEL     ; 13.950 ;        ;        ; 13.950 ;
; IR[5]         ; PC_LOAD_HI     ; 14.490 ;        ;        ; 14.490 ;
; IR[5]         ; PC_LOAD_LO     ; 14.485 ;        ;        ; 14.485 ;
; IR[6]         ; AC_LOAD        ; 14.000 ; 14.000 ; 14.000 ; 14.000 ;
; IR[6]         ; PC_BUS_SEL     ; 14.645 ;        ;        ; 14.645 ;
; IR[6]         ; PC_LOAD_HI     ; 15.185 ;        ;        ; 15.185 ;
; IR[6]         ; PC_LOAD_LO     ; 15.180 ;        ;        ; 15.180 ;
; IR[7]         ; LINK_COMP      ; 10.495 ;        ;        ; 10.495 ;
; IR[7]         ; LINK_LOAD      ; 10.886 ;        ;        ; 10.886 ;
; IR[7]         ; PC_BUS_SEL     ; 14.458 ;        ;        ; 14.458 ;
; IR[7]         ; PC_LOAD_HI     ; 14.998 ;        ;        ; 14.998 ;
; IR[7]         ; PC_LOAD_LO     ; 14.993 ;        ;        ; 14.993 ;
; IR[8]         ; AC_LOAD        ; 12.707 ; 14.349 ; 14.349 ; 12.707 ;
; IR[8]         ; ALU_FUNC_SEL_2 ; 10.793 ;        ;        ; 10.793 ;
; IR[8]         ; LINK_LOAD      ; 11.962 ;        ;        ; 11.962 ;
; IR[8]         ; PC_BUS_SEL     ;        ; 13.686 ; 13.686 ;        ;
; IR[8]         ; PC_LOAD_HI     ;        ; 14.226 ; 14.226 ;        ;
; IR[8]         ; PC_LOAD_LO     ;        ; 14.221 ; 14.221 ;        ;
; IR[8]         ; SR_BUS_SEL     ; 10.813 ;        ;        ; 10.813 ;
; IR[9]         ; AC_LOAD        ; 12.880 ; 13.305 ; 13.305 ; 12.880 ;
; IR[9]         ; ALU_FUNC_SEL_2 ; 10.958 ;        ;        ; 10.958 ;
; IR[9]         ; LINK_LOAD      ; 11.730 ;        ;        ; 11.730 ;
; IR[9]         ; SR_BUS_SEL     ; 10.978 ;        ;        ; 10.978 ;
; IR[10]        ; AC_LOAD        ; 13.994 ;        ;        ; 13.994 ;
; IR[10]        ; LINK_LOAD      ; 13.690 ;        ;        ; 13.690 ;
; IR[11]        ; AC_LOAD        ; 11.960 ; 11.960 ; 11.960 ; 11.960 ;
; IR[11]        ; ALU_FUNC_SEL_2 ;        ; 11.597 ; 11.597 ;        ;
; IR[11]        ; LINK_COMP      ; 10.006 ;        ;        ; 10.006 ;
; IR[11]        ; LINK_LOAD      ; 11.296 ;        ;        ; 11.296 ;
; IR[11]        ; PC_BUS_SEL     ;        ; 13.189 ; 13.189 ;        ;
; IR[11]        ; PC_LOAD_HI     ;        ; 13.729 ; 13.729 ;        ;
; IR[11]        ; PC_LOAD_LO     ;        ; 13.724 ; 13.724 ;        ;
; IR[11]        ; SR_BUS_SEL     ;        ; 11.617 ; 11.617 ;        ;
; IRQ           ; MA_CLR_HI      ; 11.798 ;        ;        ; 11.798 ;
; IRQ           ; MA_CLR_LO      ; 11.420 ;        ;        ; 11.420 ;
; IRQ           ; MD_BUS_SEL     ; 12.094 ;        ;        ; 12.094 ;
; IRQ           ; MD_LOAD        ; 11.747 ;        ;        ; 11.747 ;
; IRQ           ; PC_LOAD_HI     ; 12.303 ;        ;        ; 12.303 ;
; IRQ           ; PC_LOAD_LO     ; 12.298 ;        ;        ; 12.298 ;
; IS_AUTO_INDEX ; MD_BUS_SEL     ; 12.439 ;        ;        ; 12.439 ;
; IS_AUTO_INDEX ; MD_LOAD        ; 12.279 ;        ;        ; 12.279 ;
; LINK_VALUE    ; PC_BUS_SEL     ; 14.988 ;        ;        ; 14.988 ;
; LINK_VALUE    ; PC_LOAD_HI     ; 15.528 ;        ;        ; 15.528 ;
; LINK_VALUE    ; PC_LOAD_LO     ; 15.523 ;        ;        ; 15.523 ;
; s_states[0]   ; AC_LOAD        ; 14.427 ;        ;        ; 14.427 ;
; s_states[0]   ; ALU_FUNC_SEL_2 ; 13.560 ;        ;        ; 13.560 ;
; s_states[0]   ; IR_LOAD        ; 11.358 ;        ;        ; 11.358 ;
; s_states[0]   ; LINK_COMP      ; 13.772 ;        ;        ; 13.772 ;
; s_states[0]   ; LINK_LOAD      ; 13.761 ;        ;        ; 13.761 ;
; s_states[0]   ; LINK_OUT_SEL   ; 13.845 ;        ;        ; 13.845 ;
; s_states[0]   ; MA_LOAD_HI     ; 10.934 ;        ;        ; 10.934 ;
; s_states[0]   ; MD_BUS_SEL     ; 12.749 ;        ;        ; 12.749 ;
; s_states[0]   ; MD_IN_SEL      ; 10.946 ;        ;        ; 10.946 ;
; s_states[0]   ; MD_LOAD        ; 11.699 ;        ;        ; 11.699 ;
; s_states[0]   ; PC_BUS_SEL     ; 11.623 ;        ;        ; 11.623 ;
; s_states[0]   ; PC_LOAD_HI     ; 12.471 ;        ;        ; 12.471 ;
; s_states[0]   ; PC_LOAD_LO     ; 12.466 ;        ;        ; 12.466 ;
; s_states[0]   ; SR_BUS_SEL     ; 13.580 ;        ;        ; 13.580 ;
; s_states[1]   ; MA_CLR_HI      ; 11.289 ;        ;        ; 11.289 ;
; s_states[1]   ; MA_LOAD_HI     ; 11.080 ;        ;        ; 11.080 ;
; s_states[1]   ; MD_BUS_SEL     ; 12.094 ;        ;        ; 12.094 ;
; s_states[1]   ; MD_IN_SEL      ; 11.093 ;        ;        ; 11.093 ;
; s_states[1]   ; MD_LOAD        ; 12.084 ;        ;        ; 12.084 ;
; s_states[2]   ; AC_LOAD        ; 12.572 ;        ;        ; 12.572 ;
; s_states[2]   ; MD_BUS_SEL     ; 12.205 ;        ;        ; 12.205 ;
; s_states[2]   ; MD_IN_SEL      ; 11.204 ;        ;        ; 11.204 ;
; s_states[2]   ; MD_LOAD        ; 12.244 ;        ;        ; 12.244 ;
; s_states[3]   ; MA_CLR_HI      ; 12.165 ;        ;        ; 12.165 ;
; s_states[3]   ; MA_CLR_LO      ; 11.787 ;        ;        ; 11.787 ;
; s_states[3]   ; MD_BUS_SEL     ; 13.043 ;        ;        ; 13.043 ;
; s_states[3]   ; MD_LOAD        ; 12.114 ;        ;        ; 12.114 ;
; s_states[3]   ; PC_LOAD_HI     ; 13.252 ;        ;        ; 13.252 ;
; s_states[3]   ; PC_LOAD_LO     ; 13.247 ;        ;        ; 13.247 ;
; t_states[0]   ; MA_CLR_HI      ; 11.049 ;        ;        ; 11.049 ;
; t_states[0]   ; MA_CLR_LO      ; 11.033 ;        ;        ; 11.033 ;
; t_states[0]   ; MA_LOAD_HI     ; 10.838 ;        ;        ; 10.838 ;
; t_states[0]   ; MD_BUS_SEL     ; 11.616 ;        ;        ; 11.616 ;
; t_states[0]   ; MD_LOAD        ; 11.360 ;        ;        ; 11.360 ;
; t_states[0]   ; PC_BUS_SEL     ; 12.157 ;        ;        ; 12.157 ;
; t_states[1]   ; MD_LOAD        ; 11.716 ;        ;        ; 11.716 ;
; t_states[1]   ; PC_BUS_SEL     ; 12.071 ;        ;        ; 12.071 ;
; t_states[1]   ; PC_LOAD_HI     ; 12.611 ;        ;        ; 12.611 ;
; t_states[1]   ; PC_LOAD_LO     ; 12.606 ;        ;        ; 12.606 ;
; t_states[2]   ; IR_LOAD        ; 11.062 ;        ;        ; 11.062 ;
; t_states[2]   ; MD_BUS_SEL     ; 12.013 ;        ;        ; 12.013 ;
; t_states[2]   ; MD_IN_SEL      ; 10.644 ;        ;        ; 10.644 ;
; t_states[2]   ; MD_LOAD        ; 11.403 ;        ;        ; 11.403 ;
; t_states[2]   ; PC_LOAD_HI     ; 12.222 ;        ;        ; 12.222 ;
; t_states[2]   ; PC_LOAD_LO     ; 12.217 ;        ;        ; 12.217 ;
; t_states[3]   ; AC_LOAD        ; 12.516 ;        ;        ; 12.516 ;
; t_states[3]   ; ALU_FUNC_SEL_2 ; 12.734 ;        ;        ; 12.734 ;
; t_states[3]   ; LINK_COMP      ; 12.354 ;        ;        ; 12.354 ;
; t_states[3]   ; LINK_LOAD      ; 12.343 ;        ;        ; 12.343 ;
; t_states[3]   ; LINK_OUT_SEL   ; 12.184 ;        ;        ; 12.184 ;
; t_states[3]   ; MD_BUS_SEL     ; 12.919 ;        ;        ; 12.919 ;
; t_states[3]   ; MD_LOAD        ; 12.765 ;        ;        ; 12.765 ;
; t_states[3]   ; PC_BUS_SEL     ; 14.653 ;        ;        ; 14.653 ;
; t_states[3]   ; PC_LOAD_HI     ; 15.193 ;        ;        ; 15.193 ;
; t_states[3]   ; PC_LOAD_LO     ; 15.188 ;        ;        ; 15.188 ;
; t_states[3]   ; SR_BUS_SEL     ; 12.754 ;        ;        ; 12.754 ;
; t_states[4]   ; AC_LOAD        ; 13.522 ;        ;        ; 13.522 ;
; t_states[4]   ; LINK_LOAD      ; 13.218 ;        ;        ; 13.218 ;
+---------------+----------------+--------+--------+--------+--------+


----------------------------
; Fast Model Setup Summary ;
----------------------------
No paths to report.


---------------------------
; Fast Model Hold Summary ;
---------------------------
No paths to report.


-------------------------------
; Fast Model Recovery Summary ;
-------------------------------
No paths to report.


------------------------------
; Fast Model Removal Summary ;
------------------------------
No paths to report.


------------------------------------------
; Fast Model Minimum Pulse Width Summary ;
------------------------------------------
No paths to report.


+----------------------------------------------------------------+
; Propagation Delay                                              ;
+---------------+----------------+-------+-------+-------+-------+
; Input Port    ; Output Port    ; RR    ; RF    ; FR    ; FF    ;
+---------------+----------------+-------+-------+-------+-------+
; INC_CARRY     ; LINK_COMP      ; 5.044 ;       ;       ; 5.044 ;
; IR[0]         ; AC_LOAD        ; 6.948 ;       ;       ; 6.948 ;
; IR[0]         ; ALU_FUNC_SEL_2 ; 6.462 ;       ;       ; 6.462 ;
; IR[0]         ; LINK_COMP      ; 6.452 ;       ;       ; 6.452 ;
; IR[0]         ; LINK_LOAD      ; 6.627 ;       ;       ; 6.627 ;
; IR[0]         ; LINK_OUT_SEL   ; 6.552 ;       ;       ; 6.552 ;
; IR[0]         ; MA_CLR_HI      ; 5.672 ;       ;       ; 5.672 ;
; IR[0]         ; MA_LOAD_HI     ;       ; 5.496 ; 5.496 ;       ;
; IR[0]         ; MD_BUS_SEL     ;       ; 5.708 ; 5.708 ;       ;
; IR[0]         ; PC_BUS_SEL     ; 7.424 ;       ;       ; 7.424 ;
; IR[0]         ; PC_LOAD_HI     ; 7.646 ;       ;       ; 7.646 ;
; IR[0]         ; PC_LOAD_LO     ; 7.646 ;       ;       ; 7.646 ;
; IR[0]         ; SR_BUS_SEL     ; 6.482 ;       ;       ; 6.482 ;
; IR[1]         ; AC_LOAD        ; 6.789 ;       ;       ; 6.789 ;
; IR[1]         ; ALU_FUNC_SEL_2 ; 6.303 ;       ;       ; 6.303 ;
; IR[1]         ; LINK_COMP      ; 6.293 ;       ;       ; 6.293 ;
; IR[1]         ; LINK_LOAD      ; 6.468 ;       ;       ; 6.468 ;
; IR[1]         ; LINK_OUT_SEL   ; 6.393 ;       ;       ; 6.393 ;
; IR[1]         ; MA_CLR_HI      ; 5.497 ;       ;       ; 5.497 ;
; IR[1]         ; MA_LOAD_HI     ;       ; 5.321 ; 5.321 ;       ;
; IR[1]         ; MD_BUS_SEL     ;       ; 5.534 ; 5.534 ;       ;
; IR[1]         ; PC_BUS_SEL     ; 7.265 ;       ;       ; 7.265 ;
; IR[1]         ; PC_LOAD_HI     ; 7.487 ;       ;       ; 7.487 ;
; IR[1]         ; PC_LOAD_LO     ; 7.487 ;       ;       ; 7.487 ;
; IR[1]         ; SR_BUS_SEL     ; 6.323 ;       ;       ; 6.323 ;
; IR[2]         ; AC_LOAD        ; 6.818 ;       ;       ; 6.818 ;
; IR[2]         ; ALU_FUNC_SEL_2 ; 6.332 ;       ;       ; 6.332 ;
; IR[2]         ; LINK_COMP      ; 6.322 ;       ;       ; 6.322 ;
; IR[2]         ; LINK_LOAD      ; 6.497 ;       ;       ; 6.497 ;
; IR[2]         ; LINK_OUT_SEL   ; 6.422 ;       ;       ; 6.422 ;
; IR[2]         ; PC_BUS_SEL     ; 7.294 ;       ;       ; 7.294 ;
; IR[2]         ; PC_LOAD_HI     ; 7.516 ;       ;       ; 7.516 ;
; IR[2]         ; PC_LOAD_LO     ; 7.516 ;       ;       ; 7.516 ;
; IR[2]         ; SR_BUS_SEL     ; 6.352 ;       ;       ; 6.352 ;
; IR[3]         ; AC_LOAD        ; 6.334 ; 6.334 ; 6.334 ; 6.334 ;
; IR[3]         ; ALU_FUNC_SEL_2 ; 5.589 ;       ;       ; 5.589 ;
; IR[3]         ; LINK_COMP      ;       ; 5.420 ; 5.420 ;       ;
; IR[3]         ; LINK_LOAD      ;       ; 5.594 ; 5.594 ;       ;
; IR[3]         ; LINK_OUT_SEL   ;       ; 5.386 ; 5.386 ;       ;
; IR[3]         ; PC_BUS_SEL     ; 6.285 ;       ;       ; 6.285 ;
; IR[3]         ; PC_LOAD_HI     ; 6.507 ;       ;       ; 6.507 ;
; IR[3]         ; PC_LOAD_LO     ; 6.507 ;       ;       ; 6.507 ;
; IR[3]         ; SR_BUS_SEL     ; 5.609 ;       ;       ; 5.609 ;
; IR[4]         ; AC_LOAD        ; 6.040 ;       ;       ; 6.040 ;
; IR[4]         ; MA_CLR_HI      ;       ; 5.810 ; 5.810 ;       ;
; IR[4]         ; MA_LOAD_HI     ; 5.634 ;       ;       ; 5.634 ;
; IR[5]         ; LINK_LOAD      ; 5.400 ;       ;       ; 5.400 ;
; IR[5]         ; LINK_OUT_SEL   ; 5.134 ;       ;       ; 5.134 ;
; IR[5]         ; PC_BUS_SEL     ; 6.279 ;       ;       ; 6.279 ;
; IR[5]         ; PC_LOAD_HI     ; 6.501 ;       ;       ; 6.501 ;
; IR[5]         ; PC_LOAD_LO     ; 6.501 ;       ;       ; 6.501 ;
; IR[6]         ; AC_LOAD        ; 6.206 ; 6.206 ; 6.206 ; 6.206 ;
; IR[6]         ; PC_BUS_SEL     ; 6.504 ;       ;       ; 6.504 ;
; IR[6]         ; PC_LOAD_HI     ; 6.726 ;       ;       ; 6.726 ;
; IR[6]         ; PC_LOAD_LO     ; 6.726 ;       ;       ; 6.726 ;
; IR[7]         ; LINK_COMP      ; 4.986 ;       ;       ; 4.986 ;
; IR[7]         ; LINK_LOAD      ; 5.177 ;       ;       ; 5.177 ;
; IR[7]         ; PC_BUS_SEL     ; 6.462 ;       ;       ; 6.462 ;
; IR[7]         ; PC_LOAD_HI     ; 6.684 ;       ;       ; 6.684 ;
; IR[7]         ; PC_LOAD_LO     ; 6.684 ;       ;       ; 6.684 ;
; IR[8]         ; AC_LOAD        ; 6.307 ; 6.307 ; 6.307 ; 6.307 ;
; IR[8]         ; ALU_FUNC_SEL_2 ; 5.154 ;       ;       ; 5.154 ;
; IR[8]         ; LINK_LOAD      ; 5.649 ;       ;       ; 5.649 ;
; IR[8]         ; PC_BUS_SEL     ;       ; 6.198 ; 6.198 ;       ;
; IR[8]         ; PC_LOAD_HI     ;       ; 6.420 ; 6.420 ;       ;
; IR[8]         ; PC_LOAD_LO     ;       ; 6.420 ; 6.420 ;       ;
; IR[8]         ; SR_BUS_SEL     ; 5.174 ;       ;       ; 5.174 ;
; IR[9]         ; AC_LOAD        ; 5.988 ; 5.988 ; 5.988 ; 5.988 ;
; IR[9]         ; ALU_FUNC_SEL_2 ; 5.247 ;       ;       ; 5.247 ;
; IR[9]         ; LINK_LOAD      ; 5.724 ;       ;       ; 5.724 ;
; IR[9]         ; SR_BUS_SEL     ; 5.267 ;       ;       ; 5.267 ;
; IR[10]        ; AC_LOAD        ; 6.278 ;       ;       ; 6.278 ;
; IR[10]        ; LINK_LOAD      ; 6.141 ;       ;       ; 6.141 ;
; IR[11]        ; AC_LOAD        ; 5.819 ; 5.819 ; 5.819 ; 5.819 ;
; IR[11]        ; ALU_FUNC_SEL_2 ;       ; 5.450 ; 5.450 ;       ;
; IR[11]        ; LINK_COMP      ; 4.817 ;       ;       ; 4.817 ;
; IR[11]        ; LINK_LOAD      ; 5.293 ;       ;       ; 5.293 ;
; IR[11]        ; PC_BUS_SEL     ;       ; 6.014 ; 6.014 ;       ;
; IR[11]        ; PC_LOAD_HI     ;       ; 6.236 ; 6.236 ;       ;
; IR[11]        ; PC_LOAD_LO     ;       ; 6.236 ; 6.236 ;       ;
; IR[11]        ; SR_BUS_SEL     ;       ; 5.470 ; 5.470 ;       ;
; IRQ           ; MA_CLR_HI      ; 5.475 ;       ;       ; 5.475 ;
; IRQ           ; MA_CLR_LO      ; 5.370 ;       ;       ; 5.370 ;
; IRQ           ; MD_BUS_SEL     ; 5.615 ;       ;       ; 5.615 ;
; IRQ           ; MD_LOAD        ; 5.402 ;       ;       ; 5.402 ;
; IRQ           ; PC_LOAD_HI     ; 5.710 ;       ;       ; 5.710 ;
; IRQ           ; PC_LOAD_LO     ; 5.710 ;       ;       ; 5.710 ;
; IS_AUTO_INDEX ; MD_BUS_SEL     ; 5.738 ;       ;       ; 5.738 ;
; IS_AUTO_INDEX ; MD_LOAD        ; 5.566 ;       ;       ; 5.566 ;
; LINK_VALUE    ; PC_BUS_SEL     ; 6.620 ;       ;       ; 6.620 ;
; LINK_VALUE    ; PC_LOAD_HI     ; 6.842 ;       ;       ; 6.842 ;
; LINK_VALUE    ; PC_LOAD_LO     ; 6.842 ;       ;       ; 6.842 ;
; s_states[0]   ; AC_LOAD        ; 6.664 ;       ;       ; 6.664 ;
; s_states[0]   ; ALU_FUNC_SEL_2 ; 6.178 ;       ;       ; 6.178 ;
; s_states[0]   ; IR_LOAD        ; 5.312 ;       ;       ; 5.312 ;
; s_states[0]   ; LINK_COMP      ; 6.168 ;       ;       ; 6.168 ;
; s_states[0]   ; LINK_LOAD      ; 6.343 ;       ;       ; 6.343 ;
; s_states[0]   ; LINK_OUT_SEL   ; 6.268 ;       ;       ; 6.268 ;
; s_states[0]   ; MA_LOAD_HI     ; 5.186 ;       ;       ; 5.186 ;
; s_states[0]   ; MD_BUS_SEL     ; 5.813 ;       ;       ; 5.813 ;
; s_states[0]   ; MD_IN_SEL      ; 5.189 ;       ;       ; 5.189 ;
; s_states[0]   ; MD_LOAD        ; 5.374 ;       ;       ; 5.374 ;
; s_states[0]   ; PC_BUS_SEL     ; 7.140 ;       ;       ; 7.140 ;
; s_states[0]   ; PC_LOAD_HI     ; 7.362 ;       ;       ; 7.362 ;
; s_states[0]   ; PC_LOAD_LO     ; 7.362 ;       ;       ; 7.362 ;
; s_states[0]   ; SR_BUS_SEL     ; 6.198 ;       ;       ; 6.198 ;
; s_states[1]   ; MA_CLR_HI      ; 5.291 ;       ;       ; 5.291 ;
; s_states[1]   ; MA_LOAD_HI     ; 5.242 ;       ;       ; 5.242 ;
; s_states[1]   ; MD_BUS_SEL     ; 5.653 ;       ;       ; 5.653 ;
; s_states[1]   ; MD_IN_SEL      ; 5.243 ;       ;       ; 5.243 ;
; s_states[1]   ; MD_LOAD        ; 5.490 ;       ;       ; 5.490 ;
; s_states[2]   ; AC_LOAD        ; 5.825 ;       ;       ; 5.825 ;
; s_states[2]   ; MD_BUS_SEL     ; 5.671 ;       ;       ; 5.671 ;
; s_states[2]   ; MD_IN_SEL      ; 5.302 ;       ;       ; 5.302 ;
; s_states[2]   ; MD_LOAD        ; 5.555 ;       ;       ; 5.555 ;
; s_states[3]   ; MA_CLR_HI      ; 5.669 ;       ;       ; 5.669 ;
; s_states[3]   ; MA_CLR_LO      ; 5.564 ;       ;       ; 5.564 ;
; s_states[3]   ; MD_BUS_SEL     ; 5.997 ;       ;       ; 5.997 ;
; s_states[3]   ; MD_LOAD        ; 5.596 ;       ;       ; 5.596 ;
; s_states[3]   ; PC_LOAD_HI     ; 6.092 ;       ;       ; 6.092 ;
; s_states[3]   ; PC_LOAD_LO     ; 6.092 ;       ;       ; 6.092 ;
; t_states[0]   ; MA_CLR_HI      ; 5.332 ;       ;       ; 5.332 ;
; t_states[0]   ; MA_CLR_LO      ; 5.227 ;       ;       ; 5.227 ;
; t_states[0]   ; MA_LOAD_HI     ; 5.184 ;       ;       ; 5.184 ;
; t_states[0]   ; MD_BUS_SEL     ; 5.453 ;       ;       ; 5.453 ;
; t_states[0]   ; MD_LOAD        ; 5.259 ;       ;       ; 5.259 ;
; t_states[0]   ; PC_BUS_SEL     ; 5.608 ;       ;       ; 5.608 ;
; t_states[1]   ; MD_LOAD        ; 5.359 ;       ;       ; 5.359 ;
; t_states[1]   ; PC_BUS_SEL     ; 5.556 ;       ;       ; 5.556 ;
; t_states[1]   ; PC_LOAD_HI     ; 5.778 ;       ;       ; 5.778 ;
; t_states[1]   ; PC_LOAD_LO     ; 5.778 ;       ;       ; 5.778 ;
; t_states[2]   ; IR_LOAD        ; 5.237 ;       ;       ; 5.237 ;
; t_states[2]   ; MD_BUS_SEL     ; 5.738 ;       ;       ; 5.738 ;
; t_states[2]   ; MD_IN_SEL      ; 5.118 ;       ;       ; 5.118 ;
; t_states[2]   ; MD_LOAD        ; 5.342 ;       ;       ; 5.342 ;
; t_states[2]   ; PC_LOAD_HI     ; 5.691 ;       ;       ; 5.691 ;
; t_states[2]   ; PC_LOAD_LO     ; 5.691 ;       ;       ; 5.691 ;
; t_states[3]   ; AC_LOAD        ; 5.753 ;       ;       ; 5.753 ;
; t_states[3]   ; ALU_FUNC_SEL_2 ; 5.828 ;       ;       ; 5.828 ;
; t_states[3]   ; LINK_COMP      ; 5.607 ;       ;       ; 5.607 ;
; t_states[3]   ; LINK_LOAD      ; 5.669 ;       ;       ; 5.669 ;
; t_states[3]   ; LINK_OUT_SEL   ; 5.650 ;       ;       ; 5.650 ;
; t_states[3]   ; MD_BUS_SEL     ; 5.920 ;       ;       ; 5.920 ;
; t_states[3]   ; MD_LOAD        ; 5.752 ;       ;       ; 5.752 ;
; t_states[3]   ; PC_BUS_SEL     ; 6.522 ;       ;       ; 6.522 ;
; t_states[3]   ; PC_LOAD_HI     ; 6.744 ;       ;       ; 6.744 ;
; t_states[3]   ; PC_LOAD_LO     ; 6.744 ;       ;       ; 6.744 ;
; t_states[3]   ; SR_BUS_SEL     ; 5.848 ;       ;       ; 5.848 ;
; t_states[4]   ; AC_LOAD        ; 6.082 ;       ;       ; 6.082 ;
; t_states[4]   ; LINK_LOAD      ; 5.945 ;       ;       ; 5.945 ;
+---------------+----------------+-------+-------+-------+-------+


+----------------------------------------------------------------+
; Minimum Propagation Delay                                      ;
+---------------+----------------+-------+-------+-------+-------+
; Input Port    ; Output Port    ; RR    ; RF    ; FR    ; FF    ;
+---------------+----------------+-------+-------+-------+-------+
; INC_CARRY     ; LINK_COMP      ; 5.044 ;       ;       ; 5.044 ;
; IR[0]         ; AC_LOAD        ; 6.764 ;       ;       ; 6.764 ;
; IR[0]         ; ALU_FUNC_SEL_2 ; 6.462 ;       ;       ; 6.462 ;
; IR[0]         ; LINK_COMP      ; 6.452 ;       ;       ; 6.452 ;
; IR[0]         ; LINK_LOAD      ; 6.514 ;       ;       ; 6.514 ;
; IR[0]         ; LINK_OUT_SEL   ; 6.552 ;       ;       ; 6.552 ;
; IR[0]         ; MA_CLR_HI      ; 5.672 ;       ;       ; 5.672 ;
; IR[0]         ; MA_LOAD_HI     ;       ; 5.496 ; 5.496 ;       ;
; IR[0]         ; MD_BUS_SEL     ;       ; 5.708 ; 5.708 ;       ;
; IR[0]         ; PC_BUS_SEL     ; 7.424 ;       ;       ; 7.424 ;
; IR[0]         ; PC_LOAD_HI     ; 7.646 ;       ;       ; 7.646 ;
; IR[0]         ; PC_LOAD_LO     ; 7.646 ;       ;       ; 7.646 ;
; IR[0]         ; SR_BUS_SEL     ; 6.482 ;       ;       ; 6.482 ;
; IR[1]         ; AC_LOAD        ; 6.605 ;       ;       ; 6.605 ;
; IR[1]         ; ALU_FUNC_SEL_2 ; 6.303 ;       ;       ; 6.303 ;
; IR[1]         ; LINK_COMP      ; 6.293 ;       ;       ; 6.293 ;
; IR[1]         ; LINK_LOAD      ; 6.355 ;       ;       ; 6.355 ;
; IR[1]         ; LINK_OUT_SEL   ; 6.393 ;       ;       ; 6.393 ;
; IR[1]         ; MA_CLR_HI      ; 5.497 ;       ;       ; 5.497 ;
; IR[1]         ; MA_LOAD_HI     ;       ; 5.321 ; 5.321 ;       ;
; IR[1]         ; MD_BUS_SEL     ;       ; 5.534 ; 5.534 ;       ;
; IR[1]         ; PC_BUS_SEL     ; 7.265 ;       ;       ; 7.265 ;
; IR[1]         ; PC_LOAD_HI     ; 7.487 ;       ;       ; 7.487 ;
; IR[1]         ; PC_LOAD_LO     ; 7.487 ;       ;       ; 7.487 ;
; IR[1]         ; SR_BUS_SEL     ; 6.323 ;       ;       ; 6.323 ;
; IR[2]         ; AC_LOAD        ; 6.634 ;       ;       ; 6.634 ;
; IR[2]         ; ALU_FUNC_SEL_2 ; 6.332 ;       ;       ; 6.332 ;
; IR[2]         ; LINK_COMP      ; 6.322 ;       ;       ; 6.322 ;
; IR[2]         ; LINK_LOAD      ; 6.384 ;       ;       ; 6.384 ;
; IR[2]         ; LINK_OUT_SEL   ; 6.422 ;       ;       ; 6.422 ;
; IR[2]         ; PC_BUS_SEL     ; 7.294 ;       ;       ; 7.294 ;
; IR[2]         ; PC_LOAD_HI     ; 7.516 ;       ;       ; 7.516 ;
; IR[2]         ; PC_LOAD_LO     ; 7.516 ;       ;       ; 7.516 ;
; IR[2]         ; SR_BUS_SEL     ; 6.352 ;       ;       ; 6.352 ;
; IR[3]         ; AC_LOAD        ; 6.147 ; 5.731 ; 5.731 ; 6.147 ;
; IR[3]         ; ALU_FUNC_SEL_2 ; 5.589 ;       ;       ; 5.589 ;
; IR[3]         ; LINK_COMP      ;       ; 5.420 ; 5.420 ;       ;
; IR[3]         ; LINK_LOAD      ;       ; 5.482 ; 5.482 ;       ;
; IR[3]         ; LINK_OUT_SEL   ;       ; 5.386 ; 5.386 ;       ;
; IR[3]         ; PC_BUS_SEL     ; 6.285 ;       ;       ; 6.285 ;
; IR[3]         ; PC_LOAD_HI     ; 6.507 ;       ;       ; 6.507 ;
; IR[3]         ; PC_LOAD_LO     ; 6.507 ;       ;       ; 6.507 ;
; IR[3]         ; SR_BUS_SEL     ; 5.609 ;       ;       ; 5.609 ;
; IR[4]         ; AC_LOAD        ; 6.040 ;       ;       ; 6.040 ;
; IR[4]         ; MA_CLR_HI      ;       ; 5.810 ; 5.810 ;       ;
; IR[4]         ; MA_LOAD_HI     ; 5.634 ;       ;       ; 5.634 ;
; IR[5]         ; LINK_LOAD      ; 5.400 ;       ;       ; 5.400 ;
; IR[5]         ; LINK_OUT_SEL   ; 5.134 ;       ;       ; 5.134 ;
; IR[5]         ; PC_BUS_SEL     ; 6.279 ;       ;       ; 6.279 ;
; IR[5]         ; PC_LOAD_HI     ; 6.501 ;       ;       ; 6.501 ;
; IR[5]         ; PC_LOAD_LO     ; 6.501 ;       ;       ; 6.501 ;
; IR[6]         ; AC_LOAD        ; 6.206 ; 6.206 ; 6.206 ; 6.206 ;
; IR[6]         ; PC_BUS_SEL     ; 6.504 ;       ;       ; 6.504 ;
; IR[6]         ; PC_LOAD_HI     ; 6.726 ;       ;       ; 6.726 ;
; IR[6]         ; PC_LOAD_LO     ; 6.726 ;       ;       ; 6.726 ;
; IR[7]         ; LINK_COMP      ; 4.986 ;       ;       ; 4.986 ;
; IR[7]         ; LINK_LOAD      ; 5.177 ;       ;       ; 5.177 ;
; IR[7]         ; PC_BUS_SEL     ; 6.462 ;       ;       ; 6.462 ;
; IR[7]         ; PC_LOAD_HI     ; 6.684 ;       ;       ; 6.684 ;
; IR[7]         ; PC_LOAD_LO     ; 6.684 ;       ;       ; 6.684 ;
; IR[8]         ; AC_LOAD        ; 5.786 ; 6.307 ; 6.307 ; 5.786 ;
; IR[8]         ; ALU_FUNC_SEL_2 ; 5.154 ;       ;       ; 5.154 ;
; IR[8]         ; LINK_LOAD      ; 5.496 ;       ;       ; 5.496 ;
; IR[8]         ; PC_BUS_SEL     ;       ; 6.198 ; 6.198 ;       ;
; IR[8]         ; PC_LOAD_HI     ;       ; 6.420 ; 6.420 ;       ;
; IR[8]         ; PC_LOAD_LO     ;       ; 6.420 ; 6.420 ;       ;
; IR[8]         ; SR_BUS_SEL     ; 5.174 ;       ;       ; 5.174 ;
; IR[9]         ; AC_LOAD        ; 5.861 ; 5.988 ; 5.988 ; 5.861 ;
; IR[9]         ; ALU_FUNC_SEL_2 ; 5.247 ;       ;       ; 5.247 ;
; IR[9]         ; LINK_LOAD      ; 5.458 ;       ;       ; 5.458 ;
; IR[9]         ; SR_BUS_SEL     ; 5.267 ;       ;       ; 5.267 ;
; IR[10]        ; AC_LOAD        ; 6.278 ;       ;       ; 6.278 ;
; IR[10]        ; LINK_LOAD      ; 6.141 ;       ;       ; 6.141 ;
; IR[11]        ; AC_LOAD        ; 5.543 ; 5.543 ; 5.543 ; 5.543 ;
; IR[11]        ; ALU_FUNC_SEL_2 ;       ; 5.450 ; 5.450 ;       ;
; IR[11]        ; LINK_COMP      ; 4.817 ;       ;       ; 4.817 ;
; IR[11]        ; LINK_LOAD      ; 5.293 ;       ;       ; 5.293 ;
; IR[11]        ; PC_BUS_SEL     ;       ; 6.014 ; 6.014 ;       ;
; IR[11]        ; PC_LOAD_HI     ;       ; 6.236 ; 6.236 ;       ;
; IR[11]        ; PC_LOAD_LO     ;       ; 6.236 ; 6.236 ;       ;
; IR[11]        ; SR_BUS_SEL     ;       ; 5.470 ; 5.470 ;       ;
; IRQ           ; MA_CLR_HI      ; 5.475 ;       ;       ; 5.475 ;
; IRQ           ; MA_CLR_LO      ; 5.370 ;       ;       ; 5.370 ;
; IRQ           ; MD_BUS_SEL     ; 5.615 ;       ;       ; 5.615 ;
; IRQ           ; MD_LOAD        ; 5.402 ;       ;       ; 5.402 ;
; IRQ           ; PC_LOAD_HI     ; 5.710 ;       ;       ; 5.710 ;
; IRQ           ; PC_LOAD_LO     ; 5.710 ;       ;       ; 5.710 ;
; IS_AUTO_INDEX ; MD_BUS_SEL     ; 5.738 ;       ;       ; 5.738 ;
; IS_AUTO_INDEX ; MD_LOAD        ; 5.566 ;       ;       ; 5.566 ;
; LINK_VALUE    ; PC_BUS_SEL     ; 6.620 ;       ;       ; 6.620 ;
; LINK_VALUE    ; PC_LOAD_HI     ; 6.842 ;       ;       ; 6.842 ;
; LINK_VALUE    ; PC_LOAD_LO     ; 6.842 ;       ;       ; 6.842 ;
; s_states[0]   ; AC_LOAD        ; 6.480 ;       ;       ; 6.480 ;
; s_states[0]   ; ALU_FUNC_SEL_2 ; 6.178 ;       ;       ; 6.178 ;
; s_states[0]   ; IR_LOAD        ; 5.312 ;       ;       ; 5.312 ;
; s_states[0]   ; LINK_COMP      ; 6.168 ;       ;       ; 6.168 ;
; s_states[0]   ; LINK_LOAD      ; 6.230 ;       ;       ; 6.230 ;
; s_states[0]   ; LINK_OUT_SEL   ; 6.268 ;       ;       ; 6.268 ;
; s_states[0]   ; MA_LOAD_HI     ; 5.186 ;       ;       ; 5.186 ;
; s_states[0]   ; MD_BUS_SEL     ; 5.813 ;       ;       ; 5.813 ;
; s_states[0]   ; MD_IN_SEL      ; 5.189 ;       ;       ; 5.189 ;
; s_states[0]   ; MD_LOAD        ; 5.374 ;       ;       ; 5.374 ;
; s_states[0]   ; PC_BUS_SEL     ; 5.422 ;       ;       ; 5.422 ;
; s_states[0]   ; PC_LOAD_HI     ; 5.726 ;       ;       ; 5.726 ;
; s_states[0]   ; PC_LOAD_LO     ; 5.726 ;       ;       ; 5.726 ;
; s_states[0]   ; SR_BUS_SEL     ; 6.198 ;       ;       ; 6.198 ;
; s_states[1]   ; MA_CLR_HI      ; 5.291 ;       ;       ; 5.291 ;
; s_states[1]   ; MA_LOAD_HI     ; 5.242 ;       ;       ; 5.242 ;
; s_states[1]   ; MD_BUS_SEL     ; 5.612 ;       ;       ; 5.612 ;
; s_states[1]   ; MD_IN_SEL      ; 5.243 ;       ;       ; 5.243 ;
; s_states[1]   ; MD_LOAD        ; 5.490 ;       ;       ; 5.490 ;
; s_states[2]   ; AC_LOAD        ; 5.825 ;       ;       ; 5.825 ;
; s_states[2]   ; MD_BUS_SEL     ; 5.671 ;       ;       ; 5.671 ;
; s_states[2]   ; MD_IN_SEL      ; 5.302 ;       ;       ; 5.302 ;
; s_states[2]   ; MD_LOAD        ; 5.555 ;       ;       ; 5.555 ;
; s_states[3]   ; MA_CLR_HI      ; 5.669 ;       ;       ; 5.669 ;
; s_states[3]   ; MA_CLR_LO      ; 5.564 ;       ;       ; 5.564 ;
; s_states[3]   ; MD_BUS_SEL     ; 5.997 ;       ;       ; 5.997 ;
; s_states[3]   ; MD_LOAD        ; 5.596 ;       ;       ; 5.596 ;
; s_states[3]   ; PC_LOAD_HI     ; 6.092 ;       ;       ; 6.092 ;
; s_states[3]   ; PC_LOAD_LO     ; 6.092 ;       ;       ; 6.092 ;
; t_states[0]   ; MA_CLR_HI      ; 5.213 ;       ;       ; 5.213 ;
; t_states[0]   ; MA_CLR_LO      ; 5.227 ;       ;       ; 5.227 ;
; t_states[0]   ; MA_LOAD_HI     ; 5.184 ;       ;       ; 5.184 ;
; t_states[0]   ; MD_BUS_SEL     ; 5.453 ;       ;       ; 5.453 ;
; t_states[0]   ; MD_LOAD        ; 5.259 ;       ;       ; 5.259 ;
; t_states[0]   ; PC_BUS_SEL     ; 5.608 ;       ;       ; 5.608 ;
; t_states[1]   ; MD_LOAD        ; 5.359 ;       ;       ; 5.359 ;
; t_states[1]   ; PC_BUS_SEL     ; 5.556 ;       ;       ; 5.556 ;
; t_states[1]   ; PC_LOAD_HI     ; 5.778 ;       ;       ; 5.778 ;
; t_states[1]   ; PC_LOAD_LO     ; 5.778 ;       ;       ; 5.778 ;
; t_states[2]   ; IR_LOAD        ; 5.237 ;       ;       ; 5.237 ;
; t_states[2]   ; MD_BUS_SEL     ; 5.596 ;       ;       ; 5.596 ;
; t_states[2]   ; MD_IN_SEL      ; 5.118 ;       ;       ; 5.118 ;
; t_states[2]   ; MD_LOAD        ; 5.299 ;       ;       ; 5.299 ;
; t_states[2]   ; PC_LOAD_HI     ; 5.691 ;       ;       ; 5.691 ;
; t_states[2]   ; PC_LOAD_LO     ; 5.691 ;       ;       ; 5.691 ;
; t_states[3]   ; AC_LOAD        ; 5.753 ;       ;       ; 5.753 ;
; t_states[3]   ; ALU_FUNC_SEL_2 ; 5.828 ;       ;       ; 5.828 ;
; t_states[3]   ; LINK_COMP      ; 5.607 ;       ;       ; 5.607 ;
; t_states[3]   ; LINK_LOAD      ; 5.669 ;       ;       ; 5.669 ;
; t_states[3]   ; LINK_OUT_SEL   ; 5.650 ;       ;       ; 5.650 ;
; t_states[3]   ; MD_BUS_SEL     ; 5.920 ;       ;       ; 5.920 ;
; t_states[3]   ; MD_LOAD        ; 5.752 ;       ;       ; 5.752 ;
; t_states[3]   ; PC_BUS_SEL     ; 6.522 ;       ;       ; 6.522 ;
; t_states[3]   ; PC_LOAD_HI     ; 6.744 ;       ;       ; 6.744 ;
; t_states[3]   ; PC_LOAD_LO     ; 6.744 ;       ;       ; 6.744 ;
; t_states[3]   ; SR_BUS_SEL     ; 5.848 ;       ;       ; 5.848 ;
; t_states[4]   ; AC_LOAD        ; 6.082 ;       ;       ; 6.082 ;
; t_states[4]   ; LINK_LOAD      ; 5.945 ;       ;       ; 5.945 ;
+---------------+----------------+-------+-------+-------+-------+


+----------------------------------------------------------------------------+
; Multicorner Timing Analysis Summary                                        ;
+------------------+-------+------+----------+---------+---------------------+
; Clock            ; Setup ; Hold ; Recovery ; Removal ; Minimum Pulse Width ;
+------------------+-------+------+----------+---------+---------------------+
; Worst-case Slack ; N/A   ; N/A  ; N/A      ; N/A     ; N/A                 ;
; Design-wide TNS  ; 0.0   ; 0.0  ; 0.0      ; 0.0     ; 0.0                 ;
+------------------+-------+------+----------+---------+---------------------+


+--------------------------------------------------------------------+
; Progagation Delay                                                  ;
+---------------+----------------+--------+--------+--------+--------+
; Input Port    ; Output Port    ; RR     ; RF     ; FR     ; FF     ;
+---------------+----------------+--------+--------+--------+--------+
; INC_CARRY     ; LINK_COMP      ; 10.689 ;        ;        ; 10.689 ;
; IR[0]         ; AC_LOAD        ; 15.836 ;        ;        ; 15.836 ;
; IR[0]         ; ALU_FUNC_SEL_2 ; 14.317 ;        ;        ; 14.317 ;
; IR[0]         ; LINK_COMP      ; 14.529 ;        ;        ; 14.529 ;
; IR[0]         ; LINK_LOAD      ; 14.880 ;        ;        ; 14.880 ;
; IR[0]         ; LINK_OUT_SEL   ; 14.602 ;        ;        ; 14.602 ;
; IR[0]         ; MA_CLR_HI      ; 12.392 ;        ;        ; 12.392 ;
; IR[0]         ; MA_LOAD_HI     ;        ; 11.807 ; 11.807 ;        ;
; IR[0]         ; MD_BUS_SEL     ;        ; 12.328 ; 12.328 ;        ;
; IR[0]         ; PC_BUS_SEL     ; 17.071 ;        ;        ; 17.071 ;
; IR[0]         ; PC_LOAD_HI     ; 17.611 ;        ;        ; 17.611 ;
; IR[0]         ; PC_LOAD_LO     ; 17.606 ;        ;        ; 17.606 ;
; IR[0]         ; SR_BUS_SEL     ; 14.337 ;        ;        ; 14.337 ;
; IR[1]         ; AC_LOAD        ; 15.394 ;        ;        ; 15.394 ;
; IR[1]         ; ALU_FUNC_SEL_2 ; 13.875 ;        ;        ; 13.875 ;
; IR[1]         ; LINK_COMP      ; 14.087 ;        ;        ; 14.087 ;
; IR[1]         ; LINK_LOAD      ; 14.438 ;        ;        ; 14.438 ;
; IR[1]         ; LINK_OUT_SEL   ; 14.160 ;        ;        ; 14.160 ;
; IR[1]         ; MA_CLR_HI      ; 11.922 ;        ;        ; 11.922 ;
; IR[1]         ; MA_LOAD_HI     ;        ; 11.337 ; 11.337 ;        ;
; IR[1]         ; MD_BUS_SEL     ;        ; 11.856 ; 11.856 ;        ;
; IR[1]         ; PC_BUS_SEL     ; 16.629 ;        ;        ; 16.629 ;
; IR[1]         ; PC_LOAD_HI     ; 17.169 ;        ;        ; 17.169 ;
; IR[1]         ; PC_LOAD_LO     ; 17.164 ;        ;        ; 17.164 ;
; IR[1]         ; SR_BUS_SEL     ; 13.895 ;        ;        ; 13.895 ;
; IR[2]         ; AC_LOAD        ; 15.545 ;        ;        ; 15.545 ;
; IR[2]         ; ALU_FUNC_SEL_2 ; 14.026 ;        ;        ; 14.026 ;
; IR[2]         ; LINK_COMP      ; 14.238 ;        ;        ; 14.238 ;
; IR[2]         ; LINK_LOAD      ; 14.589 ;        ;        ; 14.589 ;
; IR[2]         ; LINK_OUT_SEL   ; 14.311 ;        ;        ; 14.311 ;
; IR[2]         ; PC_BUS_SEL     ; 16.780 ;        ;        ; 16.780 ;
; IR[2]         ; PC_LOAD_HI     ; 17.320 ;        ;        ; 17.320 ;
; IR[2]         ; PC_LOAD_LO     ; 17.315 ;        ;        ; 17.315 ;
; IR[2]         ; SR_BUS_SEL     ; 14.046 ;        ;        ; 14.046 ;
; IR[3]         ; AC_LOAD        ; 14.419 ; 14.419 ; 14.419 ; 14.419 ;
; IR[3]         ; ALU_FUNC_SEL_2 ; 12.030 ;        ;        ; 12.030 ;
; IR[3]         ; LINK_COMP      ;        ; 11.807 ; 11.807 ;        ;
; IR[3]         ; LINK_LOAD      ;        ; 12.155 ; 12.155 ;        ;
; IR[3]         ; LINK_OUT_SEL   ;        ; 11.514 ; 11.514 ;        ;
; IR[3]         ; PC_BUS_SEL     ; 13.944 ;        ;        ; 13.944 ;
; IR[3]         ; PC_LOAD_HI     ; 14.484 ;        ;        ; 14.484 ;
; IR[3]         ; PC_LOAD_LO     ; 14.479 ;        ;        ; 14.479 ;
; IR[3]         ; SR_BUS_SEL     ; 12.050 ;        ;        ; 12.050 ;
; IR[4]         ; AC_LOAD        ; 13.361 ;        ;        ; 13.361 ;
; IR[4]         ; MA_CLR_HI      ;        ; 12.775 ; 12.775 ;        ;
; IR[4]         ; MA_LOAD_HI     ; 12.190 ;        ;        ; 12.190 ;
; IR[5]         ; LINK_LOAD      ; 11.676 ;        ;        ; 11.676 ;
; IR[5]         ; LINK_OUT_SEL   ; 10.746 ;        ;        ; 10.746 ;
; IR[5]         ; PC_BUS_SEL     ; 13.950 ;        ;        ; 13.950 ;
; IR[5]         ; PC_LOAD_HI     ; 14.490 ;        ;        ; 14.490 ;
; IR[5]         ; PC_LOAD_LO     ; 14.485 ;        ;        ; 14.485 ;
; IR[6]         ; AC_LOAD        ; 14.000 ; 14.000 ; 14.000 ; 14.000 ;
; IR[6]         ; PC_BUS_SEL     ; 14.645 ;        ;        ; 14.645 ;
; IR[6]         ; PC_LOAD_HI     ; 15.185 ;        ;        ; 15.185 ;
; IR[6]         ; PC_LOAD_LO     ; 15.180 ;        ;        ; 15.180 ;
; IR[7]         ; LINK_COMP      ; 10.495 ;        ;        ; 10.495 ;
; IR[7]         ; LINK_LOAD      ; 10.886 ;        ;        ; 10.886 ;
; IR[7]         ; PC_BUS_SEL     ; 14.458 ;        ;        ; 14.458 ;
; IR[7]         ; PC_LOAD_HI     ; 14.998 ;        ;        ; 14.998 ;
; IR[7]         ; PC_LOAD_LO     ; 14.993 ;        ;        ; 14.993 ;
; IR[8]         ; AC_LOAD        ; 14.349 ; 14.349 ; 14.349 ; 14.349 ;
; IR[8]         ; ALU_FUNC_SEL_2 ; 10.793 ;        ;        ; 10.793 ;
; IR[8]         ; LINK_LOAD      ; 12.403 ;        ;        ; 12.403 ;
; IR[8]         ; PC_BUS_SEL     ;        ; 13.686 ; 13.686 ;        ;
; IR[8]         ; PC_LOAD_HI     ;        ; 14.226 ; 14.226 ;        ;
; IR[8]         ; PC_LOAD_LO     ;        ; 14.221 ; 14.221 ;        ;
; IR[8]         ; SR_BUS_SEL     ; 10.813 ;        ;        ; 10.813 ;
; IR[9]         ; AC_LOAD        ; 13.305 ; 13.305 ; 13.305 ; 13.305 ;
; IR[9]         ; ALU_FUNC_SEL_2 ; 10.958 ;        ;        ; 10.958 ;
; IR[9]         ; LINK_LOAD      ; 12.576 ;        ;        ; 12.576 ;
; IR[9]         ; SR_BUS_SEL     ; 10.978 ;        ;        ; 10.978 ;
; IR[10]        ; AC_LOAD        ; 13.994 ;        ;        ; 13.994 ;
; IR[10]        ; LINK_LOAD      ; 13.690 ;        ;        ; 13.690 ;
; IR[11]        ; AC_LOAD        ; 12.819 ; 12.819 ; 12.819 ; 12.819 ;
; IR[11]        ; ALU_FUNC_SEL_2 ;        ; 11.597 ; 11.597 ;        ;
; IR[11]        ; LINK_COMP      ; 10.006 ;        ;        ; 10.006 ;
; IR[11]        ; LINK_LOAD      ; 11.296 ;        ;        ; 11.296 ;
; IR[11]        ; PC_BUS_SEL     ;        ; 13.189 ; 13.189 ;        ;
; IR[11]        ; PC_LOAD_HI     ;        ; 13.729 ; 13.729 ;        ;
; IR[11]        ; PC_LOAD_LO     ;        ; 13.724 ; 13.724 ;        ;
; IR[11]        ; SR_BUS_SEL     ;        ; 11.617 ; 11.617 ;        ;
; IRQ           ; MA_CLR_HI      ; 11.798 ;        ;        ; 11.798 ;
; IRQ           ; MA_CLR_LO      ; 11.420 ;        ;        ; 11.420 ;
; IRQ           ; MD_BUS_SEL     ; 12.094 ;        ;        ; 12.094 ;
; IRQ           ; MD_LOAD        ; 11.747 ;        ;        ; 11.747 ;
; IRQ           ; PC_LOAD_HI     ; 12.303 ;        ;        ; 12.303 ;
; IRQ           ; PC_LOAD_LO     ; 12.298 ;        ;        ; 12.298 ;
; IS_AUTO_INDEX ; MD_BUS_SEL     ; 12.439 ;        ;        ; 12.439 ;
; IS_AUTO_INDEX ; MD_LOAD        ; 12.279 ;        ;        ; 12.279 ;
; LINK_VALUE    ; PC_BUS_SEL     ; 14.988 ;        ;        ; 14.988 ;
; LINK_VALUE    ; PC_LOAD_HI     ; 15.528 ;        ;        ; 15.528 ;
; LINK_VALUE    ; PC_LOAD_LO     ; 15.523 ;        ;        ; 15.523 ;
; s_states[0]   ; AC_LOAD        ; 15.079 ;        ;        ; 15.079 ;
; s_states[0]   ; ALU_FUNC_SEL_2 ; 13.560 ;        ;        ; 13.560 ;
; s_states[0]   ; IR_LOAD        ; 11.358 ;        ;        ; 11.358 ;
; s_states[0]   ; LINK_COMP      ; 13.772 ;        ;        ; 13.772 ;
; s_states[0]   ; LINK_LOAD      ; 14.123 ;        ;        ; 14.123 ;
; s_states[0]   ; LINK_OUT_SEL   ; 13.845 ;        ;        ; 13.845 ;
; s_states[0]   ; MA_LOAD_HI     ; 10.934 ;        ;        ; 10.934 ;
; s_states[0]   ; MD_BUS_SEL     ; 12.749 ;        ;        ; 12.749 ;
; s_states[0]   ; MD_IN_SEL      ; 10.946 ;        ;        ; 10.946 ;
; s_states[0]   ; MD_LOAD        ; 11.699 ;        ;        ; 11.699 ;
; s_states[0]   ; PC_BUS_SEL     ; 16.314 ;        ;        ; 16.314 ;
; s_states[0]   ; PC_LOAD_HI     ; 16.854 ;        ;        ; 16.854 ;
; s_states[0]   ; PC_LOAD_LO     ; 16.849 ;        ;        ; 16.849 ;
; s_states[0]   ; SR_BUS_SEL     ; 13.580 ;        ;        ; 13.580 ;
; s_states[1]   ; MA_CLR_HI      ; 11.289 ;        ;        ; 11.289 ;
; s_states[1]   ; MA_LOAD_HI     ; 11.080 ;        ;        ; 11.080 ;
; s_states[1]   ; MD_BUS_SEL     ; 12.242 ;        ;        ; 12.242 ;
; s_states[1]   ; MD_IN_SEL      ; 11.093 ;        ;        ; 11.093 ;
; s_states[1]   ; MD_LOAD        ; 12.084 ;        ;        ; 12.084 ;
; s_states[2]   ; AC_LOAD        ; 12.572 ;        ;        ; 12.572 ;
; s_states[2]   ; MD_BUS_SEL     ; 12.205 ;        ;        ; 12.205 ;
; s_states[2]   ; MD_IN_SEL      ; 11.204 ;        ;        ; 11.204 ;
; s_states[2]   ; MD_LOAD        ; 12.244 ;        ;        ; 12.244 ;
; s_states[3]   ; MA_CLR_HI      ; 12.165 ;        ;        ; 12.165 ;
; s_states[3]   ; MA_CLR_LO      ; 11.787 ;        ;        ; 11.787 ;
; s_states[3]   ; MD_BUS_SEL     ; 13.043 ;        ;        ; 13.043 ;
; s_states[3]   ; MD_LOAD        ; 12.114 ;        ;        ; 12.114 ;
; s_states[3]   ; PC_LOAD_HI     ; 13.252 ;        ;        ; 13.252 ;
; s_states[3]   ; PC_LOAD_LO     ; 13.247 ;        ;        ; 13.247 ;
; t_states[0]   ; MA_CLR_HI      ; 11.411 ;        ;        ; 11.411 ;
; t_states[0]   ; MA_CLR_LO      ; 11.033 ;        ;        ; 11.033 ;
; t_states[0]   ; MA_LOAD_HI     ; 10.838 ;        ;        ; 10.838 ;
; t_states[0]   ; MD_BUS_SEL     ; 11.616 ;        ;        ; 11.616 ;
; t_states[0]   ; MD_LOAD        ; 11.360 ;        ;        ; 11.360 ;
; t_states[0]   ; PC_BUS_SEL     ; 12.157 ;        ;        ; 12.157 ;
; t_states[1]   ; MD_LOAD        ; 11.716 ;        ;        ; 11.716 ;
; t_states[1]   ; PC_BUS_SEL     ; 12.071 ;        ;        ; 12.071 ;
; t_states[1]   ; PC_LOAD_HI     ; 12.611 ;        ;        ; 12.611 ;
; t_states[1]   ; PC_LOAD_LO     ; 12.606 ;        ;        ; 12.606 ;
; t_states[2]   ; IR_LOAD        ; 11.062 ;        ;        ; 11.062 ;
; t_states[2]   ; MD_BUS_SEL     ; 12.453 ;        ;        ; 12.453 ;
; t_states[2]   ; MD_IN_SEL      ; 10.644 ;        ;        ; 10.644 ;
; t_states[2]   ; MD_LOAD        ; 11.681 ;        ;        ; 11.681 ;
; t_states[2]   ; PC_LOAD_HI     ; 12.222 ;        ;        ; 12.222 ;
; t_states[2]   ; PC_LOAD_LO     ; 12.217 ;        ;        ; 12.217 ;
; t_states[3]   ; AC_LOAD        ; 12.516 ;        ;        ; 12.516 ;
; t_states[3]   ; ALU_FUNC_SEL_2 ; 12.734 ;        ;        ; 12.734 ;
; t_states[3]   ; LINK_COMP      ; 12.354 ;        ;        ; 12.354 ;
; t_states[3]   ; LINK_LOAD      ; 12.343 ;        ;        ; 12.343 ;
; t_states[3]   ; LINK_OUT_SEL   ; 12.184 ;        ;        ; 12.184 ;
; t_states[3]   ; MD_BUS_SEL     ; 12.919 ;        ;        ; 12.919 ;
; t_states[3]   ; MD_LOAD        ; 12.765 ;        ;        ; 12.765 ;
; t_states[3]   ; PC_BUS_SEL     ; 14.653 ;        ;        ; 14.653 ;
; t_states[3]   ; PC_LOAD_HI     ; 15.193 ;        ;        ; 15.193 ;
; t_states[3]   ; PC_LOAD_LO     ; 15.188 ;        ;        ; 15.188 ;
; t_states[3]   ; SR_BUS_SEL     ; 12.754 ;        ;        ; 12.754 ;
; t_states[4]   ; AC_LOAD        ; 13.522 ;        ;        ; 13.522 ;
; t_states[4]   ; LINK_LOAD      ; 13.218 ;        ;        ; 13.218 ;
+---------------+----------------+--------+--------+--------+--------+


+----------------------------------------------------------------+
; Minimum Progagation Delay                                      ;
+---------------+----------------+-------+-------+-------+-------+
; Input Port    ; Output Port    ; RR    ; RF    ; FR    ; FF    ;
+---------------+----------------+-------+-------+-------+-------+
; INC_CARRY     ; LINK_COMP      ; 5.044 ;       ;       ; 5.044 ;
; IR[0]         ; AC_LOAD        ; 6.764 ;       ;       ; 6.764 ;
; IR[0]         ; ALU_FUNC_SEL_2 ; 6.462 ;       ;       ; 6.462 ;
; IR[0]         ; LINK_COMP      ; 6.452 ;       ;       ; 6.452 ;
; IR[0]         ; LINK_LOAD      ; 6.514 ;       ;       ; 6.514 ;
; IR[0]         ; LINK_OUT_SEL   ; 6.552 ;       ;       ; 6.552 ;
; IR[0]         ; MA_CLR_HI      ; 5.672 ;       ;       ; 5.672 ;
; IR[0]         ; MA_LOAD_HI     ;       ; 5.496 ; 5.496 ;       ;
; IR[0]         ; MD_BUS_SEL     ;       ; 5.708 ; 5.708 ;       ;
; IR[0]         ; PC_BUS_SEL     ; 7.424 ;       ;       ; 7.424 ;
; IR[0]         ; PC_LOAD_HI     ; 7.646 ;       ;       ; 7.646 ;
; IR[0]         ; PC_LOAD_LO     ; 7.646 ;       ;       ; 7.646 ;
; IR[0]         ; SR_BUS_SEL     ; 6.482 ;       ;       ; 6.482 ;
; IR[1]         ; AC_LOAD        ; 6.605 ;       ;       ; 6.605 ;
; IR[1]         ; ALU_FUNC_SEL_2 ; 6.303 ;       ;       ; 6.303 ;
; IR[1]         ; LINK_COMP      ; 6.293 ;       ;       ; 6.293 ;
; IR[1]         ; LINK_LOAD      ; 6.355 ;       ;       ; 6.355 ;
; IR[1]         ; LINK_OUT_SEL   ; 6.393 ;       ;       ; 6.393 ;
; IR[1]         ; MA_CLR_HI      ; 5.497 ;       ;       ; 5.497 ;
; IR[1]         ; MA_LOAD_HI     ;       ; 5.321 ; 5.321 ;       ;
; IR[1]         ; MD_BUS_SEL     ;       ; 5.534 ; 5.534 ;       ;
; IR[1]         ; PC_BUS_SEL     ; 7.265 ;       ;       ; 7.265 ;
; IR[1]         ; PC_LOAD_HI     ; 7.487 ;       ;       ; 7.487 ;
; IR[1]         ; PC_LOAD_LO     ; 7.487 ;       ;       ; 7.487 ;
; IR[1]         ; SR_BUS_SEL     ; 6.323 ;       ;       ; 6.323 ;
; IR[2]         ; AC_LOAD        ; 6.634 ;       ;       ; 6.634 ;
; IR[2]         ; ALU_FUNC_SEL_2 ; 6.332 ;       ;       ; 6.332 ;
; IR[2]         ; LINK_COMP      ; 6.322 ;       ;       ; 6.322 ;
; IR[2]         ; LINK_LOAD      ; 6.384 ;       ;       ; 6.384 ;
; IR[2]         ; LINK_OUT_SEL   ; 6.422 ;       ;       ; 6.422 ;
; IR[2]         ; PC_BUS_SEL     ; 7.294 ;       ;       ; 7.294 ;
; IR[2]         ; PC_LOAD_HI     ; 7.516 ;       ;       ; 7.516 ;
; IR[2]         ; PC_LOAD_LO     ; 7.516 ;       ;       ; 7.516 ;
; IR[2]         ; SR_BUS_SEL     ; 6.352 ;       ;       ; 6.352 ;
; IR[3]         ; AC_LOAD        ; 6.147 ; 5.731 ; 5.731 ; 6.147 ;
; IR[3]         ; ALU_FUNC_SEL_2 ; 5.589 ;       ;       ; 5.589 ;
; IR[3]         ; LINK_COMP      ;       ; 5.420 ; 5.420 ;       ;
; IR[3]         ; LINK_LOAD      ;       ; 5.482 ; 5.482 ;       ;
; IR[3]         ; LINK_OUT_SEL   ;       ; 5.386 ; 5.386 ;       ;
; IR[3]         ; PC_BUS_SEL     ; 6.285 ;       ;       ; 6.285 ;
; IR[3]         ; PC_LOAD_HI     ; 6.507 ;       ;       ; 6.507 ;
; IR[3]         ; PC_LOAD_LO     ; 6.507 ;       ;       ; 6.507 ;
; IR[3]         ; SR_BUS_SEL     ; 5.609 ;       ;       ; 5.609 ;
; IR[4]         ; AC_LOAD        ; 6.040 ;       ;       ; 6.040 ;
; IR[4]         ; MA_CLR_HI      ;       ; 5.810 ; 5.810 ;       ;
; IR[4]         ; MA_LOAD_HI     ; 5.634 ;       ;       ; 5.634 ;
; IR[5]         ; LINK_LOAD      ; 5.400 ;       ;       ; 5.400 ;
; IR[5]         ; LINK_OUT_SEL   ; 5.134 ;       ;       ; 5.134 ;
; IR[5]         ; PC_BUS_SEL     ; 6.279 ;       ;       ; 6.279 ;
; IR[5]         ; PC_LOAD_HI     ; 6.501 ;       ;       ; 6.501 ;
; IR[5]         ; PC_LOAD_LO     ; 6.501 ;       ;       ; 6.501 ;
; IR[6]         ; AC_LOAD        ; 6.206 ; 6.206 ; 6.206 ; 6.206 ;
; IR[6]         ; PC_BUS_SEL     ; 6.504 ;       ;       ; 6.504 ;
; IR[6]         ; PC_LOAD_HI     ; 6.726 ;       ;       ; 6.726 ;
; IR[6]         ; PC_LOAD_LO     ; 6.726 ;       ;       ; 6.726 ;
; IR[7]         ; LINK_COMP      ; 4.986 ;       ;       ; 4.986 ;
; IR[7]         ; LINK_LOAD      ; 5.177 ;       ;       ; 5.177 ;
; IR[7]         ; PC_BUS_SEL     ; 6.462 ;       ;       ; 6.462 ;
; IR[7]         ; PC_LOAD_HI     ; 6.684 ;       ;       ; 6.684 ;
; IR[7]         ; PC_LOAD_LO     ; 6.684 ;       ;       ; 6.684 ;
; IR[8]         ; AC_LOAD        ; 5.786 ; 6.307 ; 6.307 ; 5.786 ;
; IR[8]         ; ALU_FUNC_SEL_2 ; 5.154 ;       ;       ; 5.154 ;
; IR[8]         ; LINK_LOAD      ; 5.496 ;       ;       ; 5.496 ;
; IR[8]         ; PC_BUS_SEL     ;       ; 6.198 ; 6.198 ;       ;
; IR[8]         ; PC_LOAD_HI     ;       ; 6.420 ; 6.420 ;       ;
; IR[8]         ; PC_LOAD_LO     ;       ; 6.420 ; 6.420 ;       ;
; IR[8]         ; SR_BUS_SEL     ; 5.174 ;       ;       ; 5.174 ;
; IR[9]         ; AC_LOAD        ; 5.861 ; 5.988 ; 5.988 ; 5.861 ;
; IR[9]         ; ALU_FUNC_SEL_2 ; 5.247 ;       ;       ; 5.247 ;
; IR[9]         ; LINK_LOAD      ; 5.458 ;       ;       ; 5.458 ;
; IR[9]         ; SR_BUS_SEL     ; 5.267 ;       ;       ; 5.267 ;
; IR[10]        ; AC_LOAD        ; 6.278 ;       ;       ; 6.278 ;
; IR[10]        ; LINK_LOAD      ; 6.141 ;       ;       ; 6.141 ;
; IR[11]        ; AC_LOAD        ; 5.543 ; 5.543 ; 5.543 ; 5.543 ;
; IR[11]        ; ALU_FUNC_SEL_2 ;       ; 5.450 ; 5.450 ;       ;
; IR[11]        ; LINK_COMP      ; 4.817 ;       ;       ; 4.817 ;
; IR[11]        ; LINK_LOAD      ; 5.293 ;       ;       ; 5.293 ;
; IR[11]        ; PC_BUS_SEL     ;       ; 6.014 ; 6.014 ;       ;
; IR[11]        ; PC_LOAD_HI     ;       ; 6.236 ; 6.236 ;       ;
; IR[11]        ; PC_LOAD_LO     ;       ; 6.236 ; 6.236 ;       ;
; IR[11]        ; SR_BUS_SEL     ;       ; 5.470 ; 5.470 ;       ;
; IRQ           ; MA_CLR_HI      ; 5.475 ;       ;       ; 5.475 ;
; IRQ           ; MA_CLR_LO      ; 5.370 ;       ;       ; 5.370 ;
; IRQ           ; MD_BUS_SEL     ; 5.615 ;       ;       ; 5.615 ;
; IRQ           ; MD_LOAD        ; 5.402 ;       ;       ; 5.402 ;
; IRQ           ; PC_LOAD_HI     ; 5.710 ;       ;       ; 5.710 ;
; IRQ           ; PC_LOAD_LO     ; 5.710 ;       ;       ; 5.710 ;
; IS_AUTO_INDEX ; MD_BUS_SEL     ; 5.738 ;       ;       ; 5.738 ;
; IS_AUTO_INDEX ; MD_LOAD        ; 5.566 ;       ;       ; 5.566 ;
; LINK_VALUE    ; PC_BUS_SEL     ; 6.620 ;       ;       ; 6.620 ;
; LINK_VALUE    ; PC_LOAD_HI     ; 6.842 ;       ;       ; 6.842 ;
; LINK_VALUE    ; PC_LOAD_LO     ; 6.842 ;       ;       ; 6.842 ;
; s_states[0]   ; AC_LOAD        ; 6.480 ;       ;       ; 6.480 ;
; s_states[0]   ; ALU_FUNC_SEL_2 ; 6.178 ;       ;       ; 6.178 ;
; s_states[0]   ; IR_LOAD        ; 5.312 ;       ;       ; 5.312 ;
; s_states[0]   ; LINK_COMP      ; 6.168 ;       ;       ; 6.168 ;
; s_states[0]   ; LINK_LOAD      ; 6.230 ;       ;       ; 6.230 ;
; s_states[0]   ; LINK_OUT_SEL   ; 6.268 ;       ;       ; 6.268 ;
; s_states[0]   ; MA_LOAD_HI     ; 5.186 ;       ;       ; 5.186 ;
; s_states[0]   ; MD_BUS_SEL     ; 5.813 ;       ;       ; 5.813 ;
; s_states[0]   ; MD_IN_SEL      ; 5.189 ;       ;       ; 5.189 ;
; s_states[0]   ; MD_LOAD        ; 5.374 ;       ;       ; 5.374 ;
; s_states[0]   ; PC_BUS_SEL     ; 5.422 ;       ;       ; 5.422 ;
; s_states[0]   ; PC_LOAD_HI     ; 5.726 ;       ;       ; 5.726 ;
; s_states[0]   ; PC_LOAD_LO     ; 5.726 ;       ;       ; 5.726 ;
; s_states[0]   ; SR_BUS_SEL     ; 6.198 ;       ;       ; 6.198 ;
; s_states[1]   ; MA_CLR_HI      ; 5.291 ;       ;       ; 5.291 ;
; s_states[1]   ; MA_LOAD_HI     ; 5.242 ;       ;       ; 5.242 ;
; s_states[1]   ; MD_BUS_SEL     ; 5.612 ;       ;       ; 5.612 ;
; s_states[1]   ; MD_IN_SEL      ; 5.243 ;       ;       ; 5.243 ;
; s_states[1]   ; MD_LOAD        ; 5.490 ;       ;       ; 5.490 ;
; s_states[2]   ; AC_LOAD        ; 5.825 ;       ;       ; 5.825 ;
; s_states[2]   ; MD_BUS_SEL     ; 5.671 ;       ;       ; 5.671 ;
; s_states[2]   ; MD_IN_SEL      ; 5.302 ;       ;       ; 5.302 ;
; s_states[2]   ; MD_LOAD        ; 5.555 ;       ;       ; 5.555 ;
; s_states[3]   ; MA_CLR_HI      ; 5.669 ;       ;       ; 5.669 ;
; s_states[3]   ; MA_CLR_LO      ; 5.564 ;       ;       ; 5.564 ;
; s_states[3]   ; MD_BUS_SEL     ; 5.997 ;       ;       ; 5.997 ;
; s_states[3]   ; MD_LOAD        ; 5.596 ;       ;       ; 5.596 ;
; s_states[3]   ; PC_LOAD_HI     ; 6.092 ;       ;       ; 6.092 ;
; s_states[3]   ; PC_LOAD_LO     ; 6.092 ;       ;       ; 6.092 ;
; t_states[0]   ; MA_CLR_HI      ; 5.213 ;       ;       ; 5.213 ;
; t_states[0]   ; MA_CLR_LO      ; 5.227 ;       ;       ; 5.227 ;
; t_states[0]   ; MA_LOAD_HI     ; 5.184 ;       ;       ; 5.184 ;
; t_states[0]   ; MD_BUS_SEL     ; 5.453 ;       ;       ; 5.453 ;
; t_states[0]   ; MD_LOAD        ; 5.259 ;       ;       ; 5.259 ;
; t_states[0]   ; PC_BUS_SEL     ; 5.608 ;       ;       ; 5.608 ;
; t_states[1]   ; MD_LOAD        ; 5.359 ;       ;       ; 5.359 ;
; t_states[1]   ; PC_BUS_SEL     ; 5.556 ;       ;       ; 5.556 ;
; t_states[1]   ; PC_LOAD_HI     ; 5.778 ;       ;       ; 5.778 ;
; t_states[1]   ; PC_LOAD_LO     ; 5.778 ;       ;       ; 5.778 ;
; t_states[2]   ; IR_LOAD        ; 5.237 ;       ;       ; 5.237 ;
; t_states[2]   ; MD_BUS_SEL     ; 5.596 ;       ;       ; 5.596 ;
; t_states[2]   ; MD_IN_SEL      ; 5.118 ;       ;       ; 5.118 ;
; t_states[2]   ; MD_LOAD        ; 5.299 ;       ;       ; 5.299 ;
; t_states[2]   ; PC_LOAD_HI     ; 5.691 ;       ;       ; 5.691 ;
; t_states[2]   ; PC_LOAD_LO     ; 5.691 ;       ;       ; 5.691 ;
; t_states[3]   ; AC_LOAD        ; 5.753 ;       ;       ; 5.753 ;
; t_states[3]   ; ALU_FUNC_SEL_2 ; 5.828 ;       ;       ; 5.828 ;
; t_states[3]   ; LINK_COMP      ; 5.607 ;       ;       ; 5.607 ;
; t_states[3]   ; LINK_LOAD      ; 5.669 ;       ;       ; 5.669 ;
; t_states[3]   ; LINK_OUT_SEL   ; 5.650 ;       ;       ; 5.650 ;
; t_states[3]   ; MD_BUS_SEL     ; 5.920 ;       ;       ; 5.920 ;
; t_states[3]   ; MD_LOAD        ; 5.752 ;       ;       ; 5.752 ;
; t_states[3]   ; PC_BUS_SEL     ; 6.522 ;       ;       ; 6.522 ;
; t_states[3]   ; PC_LOAD_HI     ; 6.744 ;       ;       ; 6.744 ;
; t_states[3]   ; PC_LOAD_LO     ; 6.744 ;       ;       ; 6.744 ;
; t_states[3]   ; SR_BUS_SEL     ; 5.848 ;       ;       ; 5.848 ;
; t_states[4]   ; AC_LOAD        ; 6.082 ;       ;       ; 6.082 ;
; t_states[4]   ; LINK_LOAD      ; 5.945 ;       ;       ; 5.945 ;
+---------------+----------------+-------+-------+-------+-------+


-------------------
; Clock Transfers ;
-------------------
Nothing to report.


---------------
; Report TCCS ;
---------------
No dedicated SERDES Transmitter circuitry present in device or used in design


---------------
; Report RSKM ;
---------------
No dedicated SERDES Receiver circuitry present in device or used in design


+------------------------------------------------+
; Unconstrained Paths                            ;
+---------------------------------+-------+------+
; Property                        ; Setup ; Hold ;
+---------------------------------+-------+------+
; Illegal Clocks                  ; 0     ; 0    ;
; Unconstrained Clocks            ; 0     ; 0    ;
; Unconstrained Input Ports       ; 25    ; 25   ;
; Unconstrained Input Port Paths  ; 150   ; 150  ;
; Unconstrained Output Ports      ; 16    ; 16   ;
; Unconstrained Output Port Paths ; 150   ; 150  ;
+---------------------------------+-------+------+


+------------------------------------+
; TimeQuest Timing Analyzer Messages ;
+------------------------------------+
Info: *******************************************************************
Info: Running Quartus II 64-Bit TimeQuest Timing Analyzer
    Info: Version 13.0.1 Build 232 06/12/2013 Service Pack 1 SJ Web Edition
    Info: Processing started: Thu Jan  5 22:32:28 2017
Info: Command: quartus_sta control_logic -c control_logic
Info: qsta_default_script.tcl version: #1
Warning (20028): Parallel compilation is not licensed and has been disabled
Info (21077): Low junction temperature is -40 degrees C
Info (21077): High junction temperature is 125 degrees C
Critical Warning (332012): Synopsys Design Constraints File file not found: 'control_logic.sdc'. A Synopsys Design Constraints File is required by the TimeQuest Timing Analyzer to get proper timing constraints. Without it, the Compiler will not properly optimize the design.
Info (332142): No user constrained base clocks found in the design. Calling "derive_clocks -period 1.0"
Info (332096): The command derive_clocks did not find any clocks to derive.  No clocks were created or changed.
Warning (332068): No clocks defined in design.
Info: Found TIMEQUEST_REPORT_SCRIPT_INCLUDE_DEFAULT_ANALYSIS = ON
Info (332159): No clocks to report
Info: Analyzing Slow Model
Info (332140): No fmax paths to report
Info (332140): No Setup paths to report
Info (332140): No Hold paths to report
Info (332140): No Recovery paths to report
Info (332140): No Removal paths to report
Info (332140): No Minimum Pulse Width paths to report
Info (332001): The selected device family is not supported by the report_metastability command.
Info: Analyzing Fast Model
Info (332142): No user constrained base clocks found in the design. Calling "derive_clocks -period 1.0"
Info (332096): The command derive_clocks did not find any clocks to derive.  No clocks were created or changed.
Warning (332068): No clocks defined in design.
Info (332140): No Setup paths to report
Info (332140): No Hold paths to report
Info (332140): No Recovery paths to report
Info (332140): No Removal paths to report
Info (332140): No Minimum Pulse Width paths to report
Info (332001): The selected device family is not supported by the report_metastability command.
Info (332102): Design is not fully constrained for setup requirements
Info (332102): Design is not fully constrained for hold requirements
Info: Quartus II 64-Bit TimeQuest Timing Analyzer was successful. 0 errors, 4 warnings
    Info: Peak virtual memory: 583 megabytes
    Info: Processing ended: Thu Jan  5 22:32:28 2017
    Info: Elapsed time: 00:00:00
    Info: Total CPU time (on all processors): 00:00:01


