Flow report for 12_bit_register
Tue Jan  3 19:17:58 2017
Quartus II 64-Bit Version 13.0.1 Build 232 06/12/2013 Service Pack 1 SJ Web Edition


---------------------
; Table of Contents ;
---------------------
  1. Legal Notice
  2. Flow Summary
  3. Flow Settings
  4. Flow Non-Default Global Settings
  5. Flow Elapsed Time
  6. Flow OS Summary
  7. Flow Log
  8. Flow Messages
  9. Flow Suppressed Messages



----------------
; Legal Notice ;
----------------
Copyright (C) 1991-2013 Altera Corporation
Your use of Altera Corporation's design tools, logic functions 
and other software and tools, and its AMPP partner logic 
functions, and any output files from any of the foregoing 
(including device programming or simulation files), and any 
associated documentation or information are expressly subject 
to the terms and conditions of the Altera Program License 
Subscription Agreement, Altera MegaCore Function License 
Agreement, or other applicable license agreement, including, 
without limitation, that your use is for the sole purpose of 
programming logic devices manufactured by Altera and sold by 
Altera or its authorized distributors.  Please refer to the 
applicable agreement for further details.



+--------------------------------------------------------------------------------------+
; Flow Summary                                                                         ;
+------------------------------------+-------------------------------------------------+
; Flow Status                        ; Successful - Tue Jan  3 19:17:58 2017           ;
; Quartus II 64-Bit Version          ; 13.0.1 Build 232 06/12/2013 SP 1 SJ Web Edition ;
; Revision Name                      ; 12_bit_register                                 ;
; Top-level Entity Name              ; register_12_bit                                 ;
; Family                             ; Cyclone II                                      ;
; Device                             ; EP2C5AT144A7                                    ;
; Timing Models                      ; Final                                           ;
; Total logic elements               ; 48 / 4,608 ( 1 % )                              ;
;     Total combinational functions  ; 48 / 4,608 ( 1 % )                              ;
;     Dedicated logic registers      ; 0 / 4,608 ( 0 % )                               ;
; Total registers                    ; 0                                               ;
; Total pins                         ; 28 / 89 ( 31 % )                                ;
; Total virtual pins                 ; 0                                               ;
; Total memory bits                  ; 0 / 119,808 ( 0 % )                             ;
; Embedded Multiplier 9-bit elements ; 0 / 26 ( 0 % )                                  ;
; Total PLLs                         ; 0 / 2 ( 0 % )                                   ;
+------------------------------------+-------------------------------------------------+


+-----------------------------------------+
; Flow Settings                           ;
+-------------------+---------------------+
; Option            ; Setting             ;
+-------------------+---------------------+
; Start date & time ; 01/03/2017 19:17:41 ;
; Main task         ; Compilation         ;
; Revision Name     ; 12_bit_register     ;
+-------------------+---------------------+


+----------------------------------------------------------------------------------------------------------------------------------+
; Flow Non-Default Global Settings                                                                                                 ;
+-------------------------------------+---------------------------------------+-----------------+-----------------+----------------+
; Assignment Name                     ; Value                                 ; Default Value   ; Entity Name     ; Section Id     ;
+-------------------------------------+---------------------------------------+-----------------+-----------------+----------------+
; COMPILER_SIGNATURE_ID               ; 90520735942130.148347106125907        ; --              ; --              ; --             ;
; EDA_OUTPUT_DATA_FORMAT              ; Vhdl                                  ; --              ; --              ; eda_simulation ;
; EDA_SIMULATION_TOOL                 ; ModelSim-Altera (VHDL)                ; <None>          ; --              ; --             ;
; MAX_CORE_JUNCTION_TEMP              ; 125                                   ; --              ; --              ; --             ;
; MIN_CORE_JUNCTION_TEMP              ; -40                                   ; --              ; --              ; --             ;
; PARTITION_COLOR                     ; 16764057                              ; --              ; register_12_bit ; Top            ;
; PARTITION_FITTER_PRESERVATION_LEVEL ; PLACEMENT_AND_ROUTING                 ; --              ; register_12_bit ; Top            ;
; PARTITION_NETLIST_TYPE              ; SOURCE                                ; --              ; register_12_bit ; Top            ;
; POWER_BOARD_THERMAL_MODEL           ; None (CONSERVATIVE)                   ; --              ; --              ; --             ;
; POWER_PRESET_COOLING_SOLUTION       ; 23 MM HEAT SINK WITH 200 LFPM AIRFLOW ; --              ; --              ; --             ;
; PROJECT_OUTPUT_DIRECTORY            ; output_files                          ; --              ; --              ; --             ;
; TOP_LEVEL_ENTITY                    ; register_12_bit                       ; 12_bit_register ; --              ; --             ;
+-------------------------------------+---------------------------------------+-----------------+-----------------+----------------+


+-------------------------------------------------------------------------------------------------------------------------------+
; Flow Elapsed Time                                                                                                             ;
+---------------------------+--------------+-------------------------+---------------------+------------------------------------+
; Module Name               ; Elapsed Time ; Average Processors Used ; Peak Virtual Memory ; Total CPU Time (on all processors) ;
+---------------------------+--------------+-------------------------+---------------------+------------------------------------+
; Analysis & Synthesis      ; 00:00:02     ; 1.0                     ; 688 MB              ; 00:00:02                           ;
; Fitter                    ; 00:00:04     ; 1.0                     ; 730 MB              ; 00:00:03                           ;
; Assembler                 ; 00:00:01     ; 1.0                     ; 636 MB              ; 00:00:01                           ;
; TimeQuest Timing Analyzer ; 00:00:01     ; 1.0                     ; 583 MB              ; 00:00:01                           ;
; EDA Netlist Writer        ; 00:00:00     ; 1.0                     ; 793 MB              ; 00:00:01                           ;
; Total                     ; 00:00:08     ; --                      ; --                  ; 00:00:08                           ;
+---------------------------+--------------+-------------------------+---------------------+------------------------------------+


+--------------------------------------------------------------------------------------------------+
; Flow OS Summary                                                                                  ;
+---------------------------+-----------------------+----------------+------------+----------------+
; Module Name               ; Machine Hostname      ; OS Name        ; OS Version ; Processor type ;
+---------------------------+-----------------------+----------------+------------+----------------+
; Analysis & Synthesis      ; localhost.localdomain ; CentOS release ; 6          ; x86_64         ;
; Fitter                    ; localhost.localdomain ; CentOS release ; 6          ; x86_64         ;
; Assembler                 ; localhost.localdomain ; CentOS release ; 6          ; x86_64         ;
; TimeQuest Timing Analyzer ; localhost.localdomain ; CentOS release ; 6          ; x86_64         ;
; EDA Netlist Writer        ; localhost.localdomain ; CentOS release ; 6          ; x86_64         ;
+---------------------------+-----------------------+----------------+------------+----------------+


------------
; Flow Log ;
------------
quartus_map --read_settings_files=on --write_settings_files=off 12_bit_register -c 12_bit_register
quartus_fit --read_settings_files=off --write_settings_files=off 12_bit_register -c 12_bit_register
quartus_asm --read_settings_files=off --write_settings_files=off 12_bit_register -c 12_bit_register
quartus_sta 12_bit_register -c 12_bit_register
quartus_eda --read_settings_files=off --write_settings_files=off 12_bit_register -c 12_bit_register



