Analysis & Synthesis report for top_level
Sun Jan 15 18:00:34 2017
Quartus II 64-Bit Version 13.0.1 Build 232 06/12/2013 Service Pack 1 SJ Web Edition


---------------------
; Table of Contents ;
---------------------
  1. Legal Notice
  2. Analysis & Synthesis Summary
  3. Analysis & Synthesis Settings
  4. Parallel Compilation
  5. Analysis & Synthesis Source Files Read
  6. Analysis & Synthesis Resource Usage Summary
  7. Analysis & Synthesis Resource Utilization by Entity
  8. General Register Statistics
  9. Port Connectivity Checks: "register_1_bit:LINK_register|ms_jk_ff:ms_jk_ff_0"
 10. Port Connectivity Checks: "register_1_bit:LINK_register"
 11. Port Connectivity Checks: "register_12_bit:AC_register"
 12. Port Connectivity Checks: "register_12_bit_split:PC_register"
 13. Port Connectivity Checks: "register_12_bit:MD_register|ms_jk_ff:ms_jk_ff_11"
 14. Port Connectivity Checks: "register_12_bit:MD_register|ms_jk_ff:ms_jk_ff_10"
 15. Port Connectivity Checks: "register_12_bit:MD_register|ms_jk_ff:ms_jk_ff_9"
 16. Port Connectivity Checks: "register_12_bit:MD_register|ms_jk_ff:ms_jk_ff_8"
 17. Port Connectivity Checks: "register_12_bit:MD_register|ms_jk_ff:ms_jk_ff_7"
 18. Port Connectivity Checks: "register_12_bit:MD_register|ms_jk_ff:ms_jk_ff_6"
 19. Port Connectivity Checks: "register_12_bit:MD_register|ms_jk_ff:ms_jk_ff_5"
 20. Port Connectivity Checks: "register_12_bit:MD_register|ms_jk_ff:ms_jk_ff_4"
 21. Port Connectivity Checks: "register_12_bit:MD_register|ms_jk_ff:ms_jk_ff_3"
 22. Port Connectivity Checks: "register_12_bit:MD_register|ms_jk_ff:ms_jk_ff_2"
 23. Port Connectivity Checks: "register_12_bit:MD_register|ms_jk_ff:ms_jk_ff_1"
 24. Port Connectivity Checks: "register_12_bit:MD_register|ms_jk_ff:ms_jk_ff_0"
 25. Port Connectivity Checks: "register_12_bit:MD_register"
 26. Port Connectivity Checks: "register_12_bit_split:MA_register|ms_jk_ff:ms_jk_ff_11"
 27. Port Connectivity Checks: "register_12_bit_split:MA_register|ms_jk_ff:ms_jk_ff_10"
 28. Port Connectivity Checks: "register_12_bit_split:MA_register|ms_jk_ff:ms_jk_ff_9"
 29. Port Connectivity Checks: "register_12_bit_split:MA_register|ms_jk_ff:ms_jk_ff_8"
 30. Port Connectivity Checks: "register_12_bit_split:MA_register|ms_jk_ff:ms_jk_ff_7"
 31. Port Connectivity Checks: "register_12_bit_split:MA_register|ms_jk_ff:ms_jk_ff_6"
 32. Port Connectivity Checks: "register_12_bit_split:MA_register|ms_jk_ff:ms_jk_ff_5"
 33. Port Connectivity Checks: "register_12_bit_split:MA_register|ms_jk_ff:ms_jk_ff_4"
 34. Port Connectivity Checks: "register_12_bit_split:MA_register|ms_jk_ff:ms_jk_ff_3"
 35. Port Connectivity Checks: "register_12_bit_split:MA_register|ms_jk_ff:ms_jk_ff_2"
 36. Port Connectivity Checks: "register_12_bit_split:MA_register|ms_jk_ff:ms_jk_ff_1"
 37. Port Connectivity Checks: "register_12_bit_split:MA_register|ms_jk_ff:ms_jk_ff_0"
 38. Port Connectivity Checks: "register_12_bit_split:MA_register"
 39. Elapsed Time Per Partition
 40. Analysis & Synthesis Messages



----------------
; Legal Notice ;
----------------
Copyright (C) 1991-2013 Altera Corporation
Your use of Altera Corporation's design tools, logic functions 
and other software and tools, and its AMPP partner logic 
functions, and any output files from any of the foregoing 
(including device programming or simulation files), and any 
associated documentation or information are expressly subject 
to the terms and conditions of the Altera Program License 
Subscription Agreement, Altera MegaCore Function License 
Agreement, or other applicable license agreement, including, 
without limitation, that your use is for the sole purpose of 
programming logic devices manufactured by Altera and sold by 
Altera or its authorized distributors.  Please refer to the 
applicable agreement for further details.



+--------------------------------------------------------------------------------------+
; Analysis & Synthesis Summary                                                         ;
+------------------------------------+-------------------------------------------------+
; Analysis & Synthesis Status        ; Successful - Sun Jan 15 18:00:34 2017           ;
; Quartus II 64-Bit Version          ; 13.0.1 Build 232 06/12/2013 SP 1 SJ Web Edition ;
; Revision Name                      ; top_level                                       ;
; Top-level Entity Name              ; top_level                                       ;
; Family                             ; Cyclone II                                      ;
; Total logic elements               ; 0                                               ;
;     Total combinational functions  ; 0                                               ;
;     Dedicated logic registers      ; 0                                               ;
; Total registers                    ; 0                                               ;
; Total pins                         ; 29                                              ;
; Total virtual pins                 ; 0                                               ;
; Total memory bits                  ; 0                                               ;
; Embedded Multiplier 9-bit elements ; 0                                               ;
; Total PLLs                         ; 0                                               ;
+------------------------------------+-------------------------------------------------+


+----------------------------------------------------------------------------------------------------------------------+
; Analysis & Synthesis Settings                                                                                        ;
+----------------------------------------------------------------------------+--------------------+--------------------+
; Option                                                                     ; Setting            ; Default Value      ;
+----------------------------------------------------------------------------+--------------------+--------------------+
; Device                                                                     ; EP2C5AT144A7       ;                    ;
; Top-level entity name                                                      ; top_level          ; top_level          ;
; Family name                                                                ; Cyclone II         ; Cyclone IV GX      ;
; Use smart compilation                                                      ; Off                ; Off                ;
; Enable parallel Assembler and TimeQuest Timing Analyzer during compilation ; On                 ; On                 ;
; Enable compact report table                                                ; Off                ; Off                ;
; Restructure Multiplexers                                                   ; Auto               ; Auto               ;
; Create Debugging Nodes for IP Cores                                        ; Off                ; Off                ;
; Preserve fewer node names                                                  ; On                 ; On                 ;
; Disable OpenCore Plus hardware evaluation                                  ; Off                ; Off                ;
; Verilog Version                                                            ; Verilog_2001       ; Verilog_2001       ;
; VHDL Version                                                               ; VHDL_1993          ; VHDL_1993          ;
; State Machine Processing                                                   ; Auto               ; Auto               ;
; Safe State Machine                                                         ; Off                ; Off                ;
; Extract Verilog State Machines                                             ; On                 ; On                 ;
; Extract VHDL State Machines                                                ; On                 ; On                 ;
; Ignore Verilog initial constructs                                          ; Off                ; Off                ;
; Iteration limit for constant Verilog loops                                 ; 5000               ; 5000               ;
; Iteration limit for non-constant Verilog loops                             ; 250                ; 250                ;
; Add Pass-Through Logic to Inferred RAMs                                    ; On                 ; On                 ;
; Infer RAMs from Raw Logic                                                  ; On                 ; On                 ;
; Parallel Synthesis                                                         ; On                 ; On                 ;
; DSP Block Balancing                                                        ; Auto               ; Auto               ;
; NOT Gate Push-Back                                                         ; On                 ; On                 ;
; Power-Up Don't Care                                                        ; On                 ; On                 ;
; Remove Redundant Logic Cells                                               ; Off                ; Off                ;
; Remove Duplicate Registers                                                 ; On                 ; On                 ;
; Ignore CARRY Buffers                                                       ; Off                ; Off                ;
; Ignore CASCADE Buffers                                                     ; Off                ; Off                ;
; Ignore GLOBAL Buffers                                                      ; Off                ; Off                ;
; Ignore ROW GLOBAL Buffers                                                  ; Off                ; Off                ;
; Ignore LCELL Buffers                                                       ; Off                ; Off                ;
; Ignore SOFT Buffers                                                        ; On                 ; On                 ;
; Limit AHDL Integers to 32 Bits                                             ; Off                ; Off                ;
; Optimization Technique                                                     ; Balanced           ; Balanced           ;
; Carry Chain Length                                                         ; 70                 ; 70                 ;
; Auto Carry Chains                                                          ; On                 ; On                 ;
; Auto Open-Drain Pins                                                       ; On                 ; On                 ;
; Perform WYSIWYG Primitive Resynthesis                                      ; Off                ; Off                ;
; Auto ROM Replacement                                                       ; On                 ; On                 ;
; Auto RAM Replacement                                                       ; On                 ; On                 ;
; Auto Shift Register Replacement                                            ; Auto               ; Auto               ;
; Allow Shift Register Merging across Hierarchies                            ; Auto               ; Auto               ;
; Auto Clock Enable Replacement                                              ; On                 ; On                 ;
; Strict RAM Replacement                                                     ; Off                ; Off                ;
; Allow Synchronous Control Signals                                          ; On                 ; On                 ;
; Force Use of Synchronous Clear Signals                                     ; Off                ; Off                ;
; Auto RAM to Logic Cell Conversion                                          ; Off                ; Off                ;
; Auto Resource Sharing                                                      ; Off                ; Off                ;
; Allow Any RAM Size For Recognition                                         ; Off                ; Off                ;
; Allow Any ROM Size For Recognition                                         ; Off                ; Off                ;
; Allow Any Shift Register Size For Recognition                              ; Off                ; Off                ;
; Use LogicLock Constraints during Resource Balancing                        ; On                 ; On                 ;
; Ignore translate_off and synthesis_off directives                          ; Off                ; Off                ;
; Timing-Driven Synthesis                                                    ; Off                ; Off                ;
; Report Parameter Settings                                                  ; On                 ; On                 ;
; Report Source Assignments                                                  ; On                 ; On                 ;
; Report Connectivity Checks                                                 ; On                 ; On                 ;
; Ignore Maximum Fan-Out Assignments                                         ; Off                ; Off                ;
; Synchronization Register Chain Length                                      ; 2                  ; 2                  ;
; PowerPlay Power Optimization                                               ; Normal compilation ; Normal compilation ;
; HDL message level                                                          ; Level2             ; Level2             ;
; Suppress Register Optimization Related Messages                            ; Off                ; Off                ;
; Number of Removed Registers Reported in Synthesis Report                   ; 5000               ; 5000               ;
; Number of Swept Nodes Reported in Synthesis Report                         ; 5000               ; 5000               ;
; Number of Inverted Registers Reported in Synthesis Report                  ; 100                ; 100                ;
; Clock MUX Protection                                                       ; On                 ; On                 ;
; Auto Gated Clock Conversion                                                ; Off                ; Off                ;
; Block Design Naming                                                        ; Auto               ; Auto               ;
; SDC constraint protection                                                  ; Off                ; Off                ;
; Synthesis Effort                                                           ; Auto               ; Auto               ;
; Shift Register Replacement - Allow Asynchronous Clear Signal               ; On                 ; On                 ;
; Pre-Mapping Resynthesis Optimization                                       ; Off                ; Off                ;
; Analysis & Synthesis Message Level                                         ; Medium             ; Medium             ;
; Disable Register Merging Across Hierarchies                                ; Auto               ; Auto               ;
; Resource Aware Inference For Block RAM                                     ; On                 ; On                 ;
; Synthesis Seed                                                             ; 1                  ; 1                  ;
+----------------------------------------------------------------------------+--------------------+--------------------+


Parallel compilation was disabled, but you have multiple processors available. Enable parallel compilation to reduce compilation time.
+-------------------------------------+
; Parallel Compilation                ;
+----------------------------+--------+
; Processors                 ; Number ;
+----------------------------+--------+
; Number detected on machine ; 2      ;
; Maximum allowed            ; 1      ;
+----------------------------+--------+


+------------------------------------------------------------------------------------------------------------------------------------------------------------------------------+
; Analysis & Synthesis Source Files Read                                                                                                                                       ;
+----------------------------------------------+-----------------+-----------------+---------------------------------------------------------------------------------+---------+
; File Name with User-Entered Path             ; Used in Netlist ; File Type       ; File Name with Absolute Path                                                    ; Library ;
+----------------------------------------------+-----------------+-----------------+---------------------------------------------------------------------------------+---------+
; ../ms_jk_ff/ms_jk_ff.vhd                     ; yes             ; User VHDL File  ; /home/sebsikora/altera/projects/pdp-8/ms_jk_ff/ms_jk_ff.vhd                     ;         ;
; ../ms_jk_ff/basic_gates.vhd                  ; yes             ; User VHDL File  ; /home/sebsikora/altera/projects/pdp-8/ms_jk_ff/basic_gates.vhd                  ;         ;
; ../12_bit_register/register_1_bit.vhd        ; yes             ; User VHDL File  ; /home/sebsikora/altera/projects/pdp-8/12_bit_register/register_1_bit.vhd        ;         ;
; ../12_bit_register/register_12_bit_split.vhd ; yes             ; User VHDL File  ; /home/sebsikora/altera/projects/pdp-8/12_bit_register/register_12_bit_split.vhd ;         ;
; ../12_bit_register/register_12_bit.vhd       ; yes             ; User VHDL File  ; /home/sebsikora/altera/projects/pdp-8/12_bit_register/register_12_bit.vhd       ;         ;
; top_level.vhd                                ; yes             ; User VHDL File  ; /home/sebsikora/altera/projects/pdp-8/top_level/top_level.vhd                   ;         ;
+----------------------------------------------+-----------------+-----------------+---------------------------------------------------------------------------------+---------+


+-----------------------------------------------------+
; Analysis & Synthesis Resource Usage Summary         ;
+---------------------------------------------+-------+
; Resource                                    ; Usage ;
+---------------------------------------------+-------+
;                                             ;       ;
; Total combinational functions               ; 0     ;
; Logic element usage by number of LUT inputs ;       ;
;     -- 4 input functions                    ; 0     ;
;     -- 3 input functions                    ; 0     ;
;     -- <=2 input functions                  ; 0     ;
;                                             ;       ;
; Logic elements by mode                      ;       ;
;     -- normal mode                          ; 0     ;
;     -- arithmetic mode                      ; 0     ;
;                                             ;       ;
; Total registers                             ; 0     ;
;     -- Dedicated logic registers            ; 0     ;
;     -- I/O registers                        ; 0     ;
;                                             ;       ;
; I/O pins                                    ; 29    ;
; Embedded Multiplier 9-bit elements          ; 0     ;
+---------------------------------------------+-------+


+-----------------------------------------------------------------------------------------------------------------------------------------------------------------------------+
; Analysis & Synthesis Resource Utilization by Entity                                                                                                                         ;
+----------------------------+-------------------+--------------+-------------+--------------+---------+-----------+------+--------------+---------------------+--------------+
; Compilation Hierarchy Node ; LC Combinationals ; LC Registers ; Memory Bits ; DSP Elements ; DSP 9x9 ; DSP 18x18 ; Pins ; Virtual Pins ; Full Hierarchy Name ; Library Name ;
+----------------------------+-------------------+--------------+-------------+--------------+---------+-----------+------+--------------+---------------------+--------------+
; |top_level                 ; 0 (0)             ; 0 (0)        ; 0           ; 0            ; 0       ; 0         ; 29   ; 0            ; |top_level          ; work         ;
+----------------------------+-------------------+--------------+-------------+--------------+---------+-----------+------+--------------+---------------------+--------------+
Note: For table entries with two numbers listed, the numbers in parentheses indicate the number of resources of the given type used by the specific entity alone. The numbers listed outside of parentheses indicate the total resources of the given type used by the specific entity and all of its sub-entities in the hierarchy.


+------------------------------------------------------+
; General Register Statistics                          ;
+----------------------------------------------+-------+
; Statistic                                    ; Value ;
+----------------------------------------------+-------+
; Total registers                              ; 0     ;
; Number of registers using Synchronous Clear  ; 0     ;
; Number of registers using Synchronous Load   ; 0     ;
; Number of registers using Asynchronous Clear ; 0     ;
; Number of registers using Asynchronous Load  ; 0     ;
; Number of registers using Clock Enable       ; 0     ;
; Number of registers using Preset             ; 0     ;
+----------------------------------------------+-------+


+-----------------------------------------------------------------------------------------------------------------+
; Port Connectivity Checks: "register_1_bit:LINK_register|ms_jk_ff:ms_jk_ff_0"                                    ;
+-------+--------+----------+-------------------------------------------------------------------------------------+
; Port  ; Type   ; Severity ; Details                                                                             ;
+-------+--------+----------+-------------------------------------------------------------------------------------+
; not_q ; Output ; Info     ; Connected to dangling logic. Logic that only feeds a dangling port will be removed. ;
+-------+--------+----------+-------------------------------------------------------------------------------------+


+------------------------------------------------------------------------------------------------------------------+
; Port Connectivity Checks: "register_1_bit:LINK_register"                                                         ;
+--------+--------+----------+-------------------------------------------------------------------------------------+
; Port   ; Type   ; Severity ; Details                                                                             ;
+--------+--------+----------+-------------------------------------------------------------------------------------+
; output ; Output ; Info     ; Connected to dangling logic. Logic that only feeds a dangling port will be removed. ;
+--------+--------+----------+-------------------------------------------------------------------------------------+


+------------------------------------------------------------------------------------------------------------------+
; Port Connectivity Checks: "register_12_bit:AC_register"                                                          ;
+--------+--------+----------+-------------------------------------------------------------------------------------+
; Port   ; Type   ; Severity ; Details                                                                             ;
+--------+--------+----------+-------------------------------------------------------------------------------------+
; output ; Output ; Info     ; Connected to dangling logic. Logic that only feeds a dangling port will be removed. ;
; clear  ; Input  ; Info     ; Stuck at GND                                                                        ;
+--------+--------+----------+-------------------------------------------------------------------------------------+


+---------------------------------------------------------------------------------------------------------------------+
; Port Connectivity Checks: "register_12_bit_split:PC_register"                                                       ;
+-----------+--------+----------+-------------------------------------------------------------------------------------+
; Port      ; Type   ; Severity ; Details                                                                             ;
+-----------+--------+----------+-------------------------------------------------------------------------------------+
; output_hi ; Output ; Info     ; Connected to dangling logic. Logic that only feeds a dangling port will be removed. ;
; output_lo ; Output ; Info     ; Connected to dangling logic. Logic that only feeds a dangling port will be removed. ;
+-----------+--------+----------+-------------------------------------------------------------------------------------+


+-----------------------------------------------------------------------------------------------------------------+
; Port Connectivity Checks: "register_12_bit:MD_register|ms_jk_ff:ms_jk_ff_11"                                    ;
+-------+--------+----------+-------------------------------------------------------------------------------------+
; Port  ; Type   ; Severity ; Details                                                                             ;
+-------+--------+----------+-------------------------------------------------------------------------------------+
; not_q ; Output ; Info     ; Connected to dangling logic. Logic that only feeds a dangling port will be removed. ;
+-------+--------+----------+-------------------------------------------------------------------------------------+


+-----------------------------------------------------------------------------------------------------------------+
; Port Connectivity Checks: "register_12_bit:MD_register|ms_jk_ff:ms_jk_ff_10"                                    ;
+-------+--------+----------+-------------------------------------------------------------------------------------+
; Port  ; Type   ; Severity ; Details                                                                             ;
+-------+--------+----------+-------------------------------------------------------------------------------------+
; not_q ; Output ; Info     ; Connected to dangling logic. Logic that only feeds a dangling port will be removed. ;
+-------+--------+----------+-------------------------------------------------------------------------------------+


+-----------------------------------------------------------------------------------------------------------------+
; Port Connectivity Checks: "register_12_bit:MD_register|ms_jk_ff:ms_jk_ff_9"                                     ;
+-------+--------+----------+-------------------------------------------------------------------------------------+
; Port  ; Type   ; Severity ; Details                                                                             ;
+-------+--------+----------+-------------------------------------------------------------------------------------+
; not_q ; Output ; Info     ; Connected to dangling logic. Logic that only feeds a dangling port will be removed. ;
+-------+--------+----------+-------------------------------------------------------------------------------------+


+-----------------------------------------------------------------------------------------------------------------+
; Port Connectivity Checks: "register_12_bit:MD_register|ms_jk_ff:ms_jk_ff_8"                                     ;
+-------+--------+----------+-------------------------------------------------------------------------------------+
; Port  ; Type   ; Severity ; Details                                                                             ;
+-------+--------+----------+-------------------------------------------------------------------------------------+
; not_q ; Output ; Info     ; Connected to dangling logic. Logic that only feeds a dangling port will be removed. ;
+-------+--------+----------+-------------------------------------------------------------------------------------+


+-----------------------------------------------------------------------------------------------------------------+
; Port Connectivity Checks: "register_12_bit:MD_register|ms_jk_ff:ms_jk_ff_7"                                     ;
+-------+--------+----------+-------------------------------------------------------------------------------------+
; Port  ; Type   ; Severity ; Details                                                                             ;
+-------+--------+----------+-------------------------------------------------------------------------------------+
; not_q ; Output ; Info     ; Connected to dangling logic. Logic that only feeds a dangling port will be removed. ;
+-------+--------+----------+-------------------------------------------------------------------------------------+


+-----------------------------------------------------------------------------------------------------------------+
; Port Connectivity Checks: "register_12_bit:MD_register|ms_jk_ff:ms_jk_ff_6"                                     ;
+-------+--------+----------+-------------------------------------------------------------------------------------+
; Port  ; Type   ; Severity ; Details                                                                             ;
+-------+--------+----------+-------------------------------------------------------------------------------------+
; not_q ; Output ; Info     ; Connected to dangling logic. Logic that only feeds a dangling port will be removed. ;
+-------+--------+----------+-------------------------------------------------------------------------------------+


+-----------------------------------------------------------------------------------------------------------------+
; Port Connectivity Checks: "register_12_bit:MD_register|ms_jk_ff:ms_jk_ff_5"                                     ;
+-------+--------+----------+-------------------------------------------------------------------------------------+
; Port  ; Type   ; Severity ; Details                                                                             ;
+-------+--------+----------+-------------------------------------------------------------------------------------+
; not_q ; Output ; Info     ; Connected to dangling logic. Logic that only feeds a dangling port will be removed. ;
+-------+--------+----------+-------------------------------------------------------------------------------------+


+-----------------------------------------------------------------------------------------------------------------+
; Port Connectivity Checks: "register_12_bit:MD_register|ms_jk_ff:ms_jk_ff_4"                                     ;
+-------+--------+----------+-------------------------------------------------------------------------------------+
; Port  ; Type   ; Severity ; Details                                                                             ;
+-------+--------+----------+-------------------------------------------------------------------------------------+
; not_q ; Output ; Info     ; Connected to dangling logic. Logic that only feeds a dangling port will be removed. ;
+-------+--------+----------+-------------------------------------------------------------------------------------+


+-----------------------------------------------------------------------------------------------------------------+
; Port Connectivity Checks: "register_12_bit:MD_register|ms_jk_ff:ms_jk_ff_3"                                     ;
+-------+--------+----------+-------------------------------------------------------------------------------------+
; Port  ; Type   ; Severity ; Details                                                                             ;
+-------+--------+----------+-------------------------------------------------------------------------------------+
; not_q ; Output ; Info     ; Connected to dangling logic. Logic that only feeds a dangling port will be removed. ;
+-------+--------+----------+-------------------------------------------------------------------------------------+


+-----------------------------------------------------------------------------------------------------------------+
; Port Connectivity Checks: "register_12_bit:MD_register|ms_jk_ff:ms_jk_ff_2"                                     ;
+-------+--------+----------+-------------------------------------------------------------------------------------+
; Port  ; Type   ; Severity ; Details                                                                             ;
+-------+--------+----------+-------------------------------------------------------------------------------------+
; not_q ; Output ; Info     ; Connected to dangling logic. Logic that only feeds a dangling port will be removed. ;
+-------+--------+----------+-------------------------------------------------------------------------------------+


+-----------------------------------------------------------------------------------------------------------------+
; Port Connectivity Checks: "register_12_bit:MD_register|ms_jk_ff:ms_jk_ff_1"                                     ;
+-------+--------+----------+-------------------------------------------------------------------------------------+
; Port  ; Type   ; Severity ; Details                                                                             ;
+-------+--------+----------+-------------------------------------------------------------------------------------+
; not_q ; Output ; Info     ; Connected to dangling logic. Logic that only feeds a dangling port will be removed. ;
+-------+--------+----------+-------------------------------------------------------------------------------------+


+-----------------------------------------------------------------------------------------------------------------+
; Port Connectivity Checks: "register_12_bit:MD_register|ms_jk_ff:ms_jk_ff_0"                                     ;
+-------+--------+----------+-------------------------------------------------------------------------------------+
; Port  ; Type   ; Severity ; Details                                                                             ;
+-------+--------+----------+-------------------------------------------------------------------------------------+
; not_q ; Output ; Info     ; Connected to dangling logic. Logic that only feeds a dangling port will be removed. ;
+-------+--------+----------+-------------------------------------------------------------------------------------+


+------------------------------------------------------------------------------------------------------------------+
; Port Connectivity Checks: "register_12_bit:MD_register"                                                          ;
+--------+--------+----------+-------------------------------------------------------------------------------------+
; Port   ; Type   ; Severity ; Details                                                                             ;
+--------+--------+----------+-------------------------------------------------------------------------------------+
; output ; Output ; Info     ; Connected to dangling logic. Logic that only feeds a dangling port will be removed. ;
+--------+--------+----------+-------------------------------------------------------------------------------------+


+-----------------------------------------------------------------------------------------------------------------+
; Port Connectivity Checks: "register_12_bit_split:MA_register|ms_jk_ff:ms_jk_ff_11"                              ;
+-------+--------+----------+-------------------------------------------------------------------------------------+
; Port  ; Type   ; Severity ; Details                                                                             ;
+-------+--------+----------+-------------------------------------------------------------------------------------+
; not_q ; Output ; Info     ; Connected to dangling logic. Logic that only feeds a dangling port will be removed. ;
+-------+--------+----------+-------------------------------------------------------------------------------------+


+-----------------------------------------------------------------------------------------------------------------+
; Port Connectivity Checks: "register_12_bit_split:MA_register|ms_jk_ff:ms_jk_ff_10"                              ;
+-------+--------+----------+-------------------------------------------------------------------------------------+
; Port  ; Type   ; Severity ; Details                                                                             ;
+-------+--------+----------+-------------------------------------------------------------------------------------+
; not_q ; Output ; Info     ; Connected to dangling logic. Logic that only feeds a dangling port will be removed. ;
+-------+--------+----------+-------------------------------------------------------------------------------------+


+-----------------------------------------------------------------------------------------------------------------+
; Port Connectivity Checks: "register_12_bit_split:MA_register|ms_jk_ff:ms_jk_ff_9"                               ;
+-------+--------+----------+-------------------------------------------------------------------------------------+
; Port  ; Type   ; Severity ; Details                                                                             ;
+-------+--------+----------+-------------------------------------------------------------------------------------+
; not_q ; Output ; Info     ; Connected to dangling logic. Logic that only feeds a dangling port will be removed. ;
+-------+--------+----------+-------------------------------------------------------------------------------------+


+-----------------------------------------------------------------------------------------------------------------+
; Port Connectivity Checks: "register_12_bit_split:MA_register|ms_jk_ff:ms_jk_ff_8"                               ;
+-------+--------+----------+-------------------------------------------------------------------------------------+
; Port  ; Type   ; Severity ; Details                                                                             ;
+-------+--------+----------+-------------------------------------------------------------------------------------+
; not_q ; Output ; Info     ; Connected to dangling logic. Logic that only feeds a dangling port will be removed. ;
+-------+--------+----------+-------------------------------------------------------------------------------------+


+-----------------------------------------------------------------------------------------------------------------+
; Port Connectivity Checks: "register_12_bit_split:MA_register|ms_jk_ff:ms_jk_ff_7"                               ;
+-------+--------+----------+-------------------------------------------------------------------------------------+
; Port  ; Type   ; Severity ; Details                                                                             ;
+-------+--------+----------+-------------------------------------------------------------------------------------+
; not_q ; Output ; Info     ; Connected to dangling logic. Logic that only feeds a dangling port will be removed. ;
+-------+--------+----------+-------------------------------------------------------------------------------------+


+-----------------------------------------------------------------------------------------------------------------+
; Port Connectivity Checks: "register_12_bit_split:MA_register|ms_jk_ff:ms_jk_ff_6"                               ;
+-------+--------+----------+-------------------------------------------------------------------------------------+
; Port  ; Type   ; Severity ; Details                                                                             ;
+-------+--------+----------+-------------------------------------------------------------------------------------+
; not_q ; Output ; Info     ; Connected to dangling logic. Logic that only feeds a dangling port will be removed. ;
+-------+--------+----------+-------------------------------------------------------------------------------------+


+-----------------------------------------------------------------------------------------------------------------+
; Port Connectivity Checks: "register_12_bit_split:MA_register|ms_jk_ff:ms_jk_ff_5"                               ;
+-------+--------+----------+-------------------------------------------------------------------------------------+
; Port  ; Type   ; Severity ; Details                                                                             ;
+-------+--------+----------+-------------------------------------------------------------------------------------+
; not_q ; Output ; Info     ; Connected to dangling logic. Logic that only feeds a dangling port will be removed. ;
+-------+--------+----------+-------------------------------------------------------------------------------------+


+-----------------------------------------------------------------------------------------------------------------+
; Port Connectivity Checks: "register_12_bit_split:MA_register|ms_jk_ff:ms_jk_ff_4"                               ;
+-------+--------+----------+-------------------------------------------------------------------------------------+
; Port  ; Type   ; Severity ; Details                                                                             ;
+-------+--------+----------+-------------------------------------------------------------------------------------+
; not_q ; Output ; Info     ; Connected to dangling logic. Logic that only feeds a dangling port will be removed. ;
+-------+--------+----------+-------------------------------------------------------------------------------------+


+-----------------------------------------------------------------------------------------------------------------+
; Port Connectivity Checks: "register_12_bit_split:MA_register|ms_jk_ff:ms_jk_ff_3"                               ;
+-------+--------+----------+-------------------------------------------------------------------------------------+
; Port  ; Type   ; Severity ; Details                                                                             ;
+-------+--------+----------+-------------------------------------------------------------------------------------+
; not_q ; Output ; Info     ; Connected to dangling logic. Logic that only feeds a dangling port will be removed. ;
+-------+--------+----------+-------------------------------------------------------------------------------------+


+-----------------------------------------------------------------------------------------------------------------+
; Port Connectivity Checks: "register_12_bit_split:MA_register|ms_jk_ff:ms_jk_ff_2"                               ;
+-------+--------+----------+-------------------------------------------------------------------------------------+
; Port  ; Type   ; Severity ; Details                                                                             ;
+-------+--------+----------+-------------------------------------------------------------------------------------+
; not_q ; Output ; Info     ; Connected to dangling logic. Logic that only feeds a dangling port will be removed. ;
+-------+--------+----------+-------------------------------------------------------------------------------------+


+-----------------------------------------------------------------------------------------------------------------+
; Port Connectivity Checks: "register_12_bit_split:MA_register|ms_jk_ff:ms_jk_ff_1"                               ;
+-------+--------+----------+-------------------------------------------------------------------------------------+
; Port  ; Type   ; Severity ; Details                                                                             ;
+-------+--------+----------+-------------------------------------------------------------------------------------+
; not_q ; Output ; Info     ; Connected to dangling logic. Logic that only feeds a dangling port will be removed. ;
+-------+--------+----------+-------------------------------------------------------------------------------------+


+-----------------------------------------------------------------------------------------------------------------+
; Port Connectivity Checks: "register_12_bit_split:MA_register|ms_jk_ff:ms_jk_ff_0"                               ;
+-------+--------+----------+-------------------------------------------------------------------------------------+
; Port  ; Type   ; Severity ; Details                                                                             ;
+-------+--------+----------+-------------------------------------------------------------------------------------+
; not_q ; Output ; Info     ; Connected to dangling logic. Logic that only feeds a dangling port will be removed. ;
+-------+--------+----------+-------------------------------------------------------------------------------------+


+---------------------------------------------------------------------------------------------------------------------+
; Port Connectivity Checks: "register_12_bit_split:MA_register"                                                       ;
+-----------+--------+----------+-------------------------------------------------------------------------------------+
; Port      ; Type   ; Severity ; Details                                                                             ;
+-----------+--------+----------+-------------------------------------------------------------------------------------+
; output_hi ; Output ; Info     ; Connected to dangling logic. Logic that only feeds a dangling port will be removed. ;
; output_lo ; Output ; Info     ; Connected to dangling logic. Logic that only feeds a dangling port will be removed. ;
+-----------+--------+----------+-------------------------------------------------------------------------------------+


+-------------------------------+
; Elapsed Time Per Partition    ;
+----------------+--------------+
; Partition Name ; Elapsed Time ;
+----------------+--------------+
; Top            ; 00:00:00     ;
+----------------+--------------+


+-------------------------------+
; Analysis & Synthesis Messages ;
+-------------------------------+
Info: *******************************************************************
Info: Running Quartus II 64-Bit Analysis & Synthesis
    Info: Version 13.0.1 Build 232 06/12/2013 Service Pack 1 SJ Web Edition
    Info: Processing started: Sun Jan 15 18:00:32 2017
Info: Command: quartus_map --read_settings_files=on --write_settings_files=off top_level -c top_level
Warning (20028): Parallel compilation is not licensed and has been disabled
Info (12021): Found 2 design units, including 1 entities, in source file /home/sebsikora/altera/projects/pdp-8/ms_jk_ff/ms_jk_ff.vhd
    Info (12022): Found design unit 1: ms_jk_ff-gates
    Info (12023): Found entity 1: ms_jk_ff
Info (12021): Found 20 design units, including 10 entities, in source file /home/sebsikora/altera/projects/pdp-8/ms_jk_ff/basic_gates.vhd
    Info (12022): Found design unit 1: NOT_gate-rtl
    Info (12022): Found design unit 2: NAND_3_gate-rtl
    Info (12022): Found design unit 3: NAND_gate-rtl
    Info (12022): Found design unit 4: AND_gate-rtl
    Info (12022): Found design unit 5: AND_3_gate-rtl
    Info (12022): Found design unit 6: OR_5_gate-rtl
    Info (12022): Found design unit 7: OR_4_gate-rtl
    Info (12022): Found design unit 8: OR_3_gate-rtl
    Info (12022): Found design unit 9: OR_gate-rtl
    Info (12022): Found design unit 10: XOR_gate-rtl
    Info (12023): Found entity 1: NOT_gate
    Info (12023): Found entity 2: NAND_3_gate
    Info (12023): Found entity 3: NAND_gate
    Info (12023): Found entity 4: AND_gate
    Info (12023): Found entity 5: AND_3_gate
    Info (12023): Found entity 6: OR_5_gate
    Info (12023): Found entity 7: OR_4_gate
    Info (12023): Found entity 8: OR_3_gate
    Info (12023): Found entity 9: OR_gate
    Info (12023): Found entity 10: XOR_gate
Info (12021): Found 2 design units, including 1 entities, in source file /home/sebsikora/altera/projects/pdp-8/12_bit_register/register_1_bit.vhd
    Info (12022): Found design unit 1: register_1_bit-rtl
    Info (12023): Found entity 1: register_1_bit
Info (12021): Found 2 design units, including 1 entities, in source file /home/sebsikora/altera/projects/pdp-8/alu_main/alu_main.vhd
    Info (12022): Found design unit 1: alu_main-rtl
    Info (12023): Found entity 1: alu_main
Info (12021): Found 2 design units, including 1 entities, in source file /home/sebsikora/altera/projects/pdp-8/address_comparator/address_comparator.vhd
    Info (12022): Found design unit 1: address_comparator-rtl
    Info (12023): Found entity 1: address_comparator
Info (12021): Found 2 design units, including 1 entities, in source file /home/sebsikora/altera/projects/pdp-8/register_output_mux/register_output_mux.vhd
    Info (12022): Found design unit 1: register_output_mux-behavior
    Info (12023): Found entity 1: register_output_mux
Info (12021): Found 2 design units, including 1 entities, in source file /home/sebsikora/altera/projects/pdp-8/12_bit_register/register_12_bit_split.vhd
    Info (12022): Found design unit 1: register_12_bit_split-rtl
    Info (12023): Found entity 1: register_12_bit_split
Info (12021): Found 2 design units, including 1 entities, in source file /home/sebsikora/altera/projects/pdp-8/12_bit_register/register_12_bit.vhd
    Info (12022): Found design unit 1: register_12_bit-rtl
    Info (12023): Found entity 1: register_12_bit
Info (12021): Found 2 design units, including 1 entities, in source file /home/sebsikora/altera/projects/pdp-8/control_subsystem/control_subsystem.vhd
    Info (12022): Found design unit 1: control_subsystem-rtl
    Info (12023): Found entity 1: control_subsystem
Info (12021): Found 2 design units, including 1 entities, in source file top_level.vhd
    Info (12022): Found design unit 1: top_level-rtl
    Info (12023): Found entity 1: top_level
Info (12127): Elaborating entity "top_level" for the top level hierarchy
Warning (10541): VHDL Signal Declaration warning at top_level.vhd(6): used implicit default value for signal "mem_data_bus_out" because signal was never assigned a value or an explicit default value. Use of implicit default value may introduce unintended design optimizations.
Warning (10541): VHDL Signal Declaration warning at top_level.vhd(132): used implicit default value for signal "top_bus" because signal was never assigned a value or an explicit default value. Use of implicit default value may introduce unintended design optimizations.
Warning (10036): Verilog HDL or VHDL warning at top_level.vhd(134): object "MA_register_output" assigned a value but never read
Warning (10036): Verilog HDL or VHDL warning at top_level.vhd(135): object "MD_register_output" assigned a value but never read
Warning (10036): Verilog HDL or VHDL warning at top_level.vhd(136): object "PC_register_output" assigned a value but never read
Warning (10036): Verilog HDL or VHDL warning at top_level.vhd(138): object "AC_register_output" assigned a value but never read
Warning (10036): Verilog HDL or VHDL warning at top_level.vhd(139): object "LINK_register_output" assigned a value but never read
Warning (10541): VHDL Signal Declaration warning at top_level.vhd(141): used implicit default value for signal "ALU_link_output" because signal was never assigned a value or an explicit default value. Use of implicit default value may introduce unintended design optimizations.
Warning (10541): VHDL Signal Declaration warning at top_level.vhd(143): used implicit default value for signal "clk" because signal was never assigned a value or an explicit default value. Use of implicit default value may introduce unintended design optimizations.
Warning (10541): VHDL Signal Declaration warning at top_level.vhd(164): used implicit default value for signal "PC_LOAD_HI" because signal was never assigned a value or an explicit default value. Use of implicit default value may introduce unintended design optimizations.
Warning (10541): VHDL Signal Declaration warning at top_level.vhd(165): used implicit default value for signal "PC_LOAD_LO" because signal was never assigned a value or an explicit default value. Use of implicit default value may introduce unintended design optimizations.
Warning (10541): VHDL Signal Declaration warning at top_level.vhd(166): used implicit default value for signal "PC_CLR_HI" because signal was never assigned a value or an explicit default value. Use of implicit default value may introduce unintended design optimizations.
Warning (10541): VHDL Signal Declaration warning at top_level.vhd(167): used implicit default value for signal "PC_CLR_LO" because signal was never assigned a value or an explicit default value. Use of implicit default value may introduce unintended design optimizations.
Warning (10541): VHDL Signal Declaration warning at top_level.vhd(168): used implicit default value for signal "MA_LOAD_HI" because signal was never assigned a value or an explicit default value. Use of implicit default value may introduce unintended design optimizations.
Warning (10541): VHDL Signal Declaration warning at top_level.vhd(169): used implicit default value for signal "MA_LOAD_LO" because signal was never assigned a value or an explicit default value. Use of implicit default value may introduce unintended design optimizations.
Warning (10541): VHDL Signal Declaration warning at top_level.vhd(171): used implicit default value for signal "MA_CLR_HI" because signal was never assigned a value or an explicit default value. Use of implicit default value may introduce unintended design optimizations.
Warning (10541): VHDL Signal Declaration warning at top_level.vhd(172): used implicit default value for signal "MA_CLR_LO" because signal was never assigned a value or an explicit default value. Use of implicit default value may introduce unintended design optimizations.
Warning (10541): VHDL Signal Declaration warning at top_level.vhd(175): used implicit default value for signal "MD_CLR" because signal was never assigned a value or an explicit default value. Use of implicit default value may introduce unintended design optimizations.
Warning (10541): VHDL Signal Declaration warning at top_level.vhd(176): used implicit default value for signal "MD_LOAD" because signal was never assigned a value or an explicit default value. Use of implicit default value may introduce unintended design optimizations.
Warning (10541): VHDL Signal Declaration warning at top_level.vhd(178): used implicit default value for signal "AC_LOAD" because signal was never assigned a value or an explicit default value. Use of implicit default value may introduce unintended design optimizations.
Warning (10541): VHDL Signal Declaration warning at top_level.vhd(179): used implicit default value for signal "LINK_LOAD" because signal was never assigned a value or an explicit default value. Use of implicit default value may introduce unintended design optimizations.
Info (12128): Elaborating entity "register_12_bit_split" for hierarchy "register_12_bit_split:MA_register"
Warning (10036): Verilog HDL or VHDL warning at register_12_bit_split.vhd(32): object "not_q" assigned a value but never read
Info (12128): Elaborating entity "ms_jk_ff" for hierarchy "register_12_bit_split:MA_register|ms_jk_ff:ms_jk_ff_0"
Info (12128): Elaborating entity "NAND_3_gate" for hierarchy "register_12_bit_split:MA_register|ms_jk_ff:ms_jk_ff_0|NAND_3_gate:nand_3_1"
Info (12128): Elaborating entity "NAND_gate" for hierarchy "register_12_bit_split:MA_register|ms_jk_ff:ms_jk_ff_0|NAND_gate:nand_1"
Info (12128): Elaborating entity "register_12_bit" for hierarchy "register_12_bit:MD_register"
Warning (10036): Verilog HDL or VHDL warning at register_12_bit.vhd(29): object "not_q" assigned a value but never read
Info (12128): Elaborating entity "register_1_bit" for hierarchy "register_1_bit:LINK_register"
Warning (10036): Verilog HDL or VHDL warning at register_1_bit.vhd(28): object "not_q" assigned a value but never read
Warning (13024): Output pins are stuck at VCC or GND
    Warning (13410): Pin "mem_data_bus_out[0]" is stuck at GND
    Warning (13410): Pin "mem_data_bus_out[1]" is stuck at GND
    Warning (13410): Pin "mem_data_bus_out[2]" is stuck at GND
    Warning (13410): Pin "mem_data_bus_out[3]" is stuck at GND
    Warning (13410): Pin "mem_data_bus_out[4]" is stuck at GND
    Warning (13410): Pin "mem_data_bus_out[5]" is stuck at GND
    Warning (13410): Pin "mem_data_bus_out[6]" is stuck at GND
    Warning (13410): Pin "mem_data_bus_out[7]" is stuck at GND
    Warning (13410): Pin "mem_data_bus_out[8]" is stuck at GND
    Warning (13410): Pin "mem_data_bus_out[9]" is stuck at GND
    Warning (13410): Pin "mem_data_bus_out[10]" is stuck at GND
    Warning (13410): Pin "mem_data_bus_out[11]" is stuck at GND
Info (16010): Generating hard_block partition "hard_block:auto_generated_inst"
    Info (16011): Adding 0 node(s), including 0 DDIO, 0 PLL, 0 transceiver and 0 LCELL
Warning (21074): Design contains 17 input pin(s) that do not drive logic
    Warning (15610): No output dependent on input pin "mem_data_bus_in[0]"
    Warning (15610): No output dependent on input pin "mem_data_bus_in[1]"
    Warning (15610): No output dependent on input pin "mem_data_bus_in[2]"
    Warning (15610): No output dependent on input pin "mem_data_bus_in[3]"
    Warning (15610): No output dependent on input pin "mem_data_bus_in[4]"
    Warning (15610): No output dependent on input pin "mem_data_bus_in[5]"
    Warning (15610): No output dependent on input pin "mem_data_bus_in[6]"
    Warning (15610): No output dependent on input pin "mem_data_bus_in[7]"
    Warning (15610): No output dependent on input pin "mem_data_bus_in[8]"
    Warning (15610): No output dependent on input pin "mem_data_bus_in[9]"
    Warning (15610): No output dependent on input pin "mem_data_bus_in[10]"
    Warning (15610): No output dependent on input pin "mem_data_bus_in[11]"
    Warning (15610): No output dependent on input pin "mem_addr_bus_in"
    Warning (15610): No output dependent on input pin "not_reset"
    Warning (15610): No output dependent on input pin "clk_in"
    Warning (15610): No output dependent on input pin "START"
    Warning (15610): No output dependent on input pin "STEP"
Info (21057): Implemented 29 device resources after synthesis - the final resource count might be different
    Info (21058): Implemented 17 input pins
    Info (21059): Implemented 12 output pins
Info: Quartus II 64-Bit Analysis & Synthesis was successful. 0 errors, 56 warnings
    Info: Peak virtual memory: 731 megabytes
    Info: Processing ended: Sun Jan 15 18:00:34 2017
    Info: Elapsed time: 00:00:02
    Info: Total CPU time (on all processors): 00:00:03


