Flow report for system
Sun Jan 22 22:16:59 2017
Quartus II 64-Bit Version 13.0.1 Build 232 06/12/2013 Service Pack 1 SJ Web Edition


---------------------
; Table of Contents ;
---------------------
  1. Legal Notice
  2. Flow Summary
  3. Flow Settings
  4. Flow Non-Default Global Settings
  5. Flow Elapsed Time
  6. Flow OS Summary
  7. Flow Log
  8. Flow Messages
  9. Flow Suppressed Messages



----------------
; Legal Notice ;
----------------
Copyright (C) 1991-2013 Altera Corporation
Your use of Altera Corporation's design tools, logic functions 
and other software and tools, and its AMPP partner logic 
functions, and any output files from any of the foregoing 
(including device programming or simulation files), and any 
associated documentation or information are expressly subject 
to the terms and conditions of the Altera Program License 
Subscription Agreement, Altera MegaCore Function License 
Agreement, or other applicable license agreement, including, 
without limitation, that your use is for the sole purpose of 
programming logic devices manufactured by Altera and sold by 
Altera or its authorized distributors.  Please refer to the 
applicable agreement for further details.



+--------------------------------------------------------------------------------------+
; Flow Summary                                                                         ;
+------------------------------------+-------------------------------------------------+
; Flow Status                        ; Successful - Sun Jan 22 22:16:59 2017           ;
; Quartus II 64-Bit Version          ; 13.0.1 Build 232 06/12/2013 SP 1 SJ Web Edition ;
; Revision Name                      ; system                                          ;
; Top-level Entity Name              ; system                                          ;
; Family                             ; Cyclone II                                      ;
; Device                             ; EP2C5T144C6                                     ;
; Timing Models                      ; Final                                           ;
; Total logic elements               ; 566 / 4,608 ( 12 % )                            ;
;     Total combinational functions  ; 566 / 4,608 ( 12 % )                            ;
;     Dedicated logic registers      ; 0 / 4,608 ( 0 % )                               ;
; Total registers                    ; 0                                               ;
; Total pins                         ; 51 / 89 ( 57 % )                                ;
; Total virtual pins                 ; 0                                               ;
; Total memory bits                  ; 49,152 / 119,808 ( 41 % )                       ;
; Embedded Multiplier 9-bit elements ; 0 / 26 ( 0 % )                                  ;
; Total PLLs                         ; 0 / 2 ( 0 % )                                   ;
+------------------------------------+-------------------------------------------------+


+-----------------------------------------+
; Flow Settings                           ;
+-------------------+---------------------+
; Option            ; Setting             ;
+-------------------+---------------------+
; Start date & time ; 01/22/2017 22:16:32 ;
; Main task         ; Compilation         ;
; Revision Name     ; system              ;
+-------------------+---------------------+


+----------------------------------------------------------------------------------------------------------------------------+
; Flow Non-Default Global Settings                                                                                           ;
+-------------------------------------+---------------------------------------+---------------+-------------+----------------+
; Assignment Name                     ; Value                                 ; Default Value ; Entity Name ; Section Id     ;
+-------------------------------------+---------------------------------------+---------------+-------------+----------------+
; COMPILER_SIGNATURE_ID               ; 90520735942130.148512339105362        ; --            ; --          ; --             ;
; EDA_OUTPUT_DATA_FORMAT              ; Vhdl                                  ; --            ; --          ; eda_simulation ;
; EDA_SIMULATION_TOOL                 ; ModelSim-Altera (VHDL)                ; <None>        ; --          ; --             ;
; FITTER_EFFORT                       ; Standard Fit                          ; Auto Fit      ; --          ; --             ;
; IP_TOOL_NAME                        ; RAM: 1-PORT                           ; --            ; --          ; --             ;
; IP_TOOL_VERSION                     ; 13.0                                  ; --            ; --          ; --             ;
; MAX_CORE_JUNCTION_TEMP              ; 85                                    ; --            ; --          ; --             ;
; MIN_CORE_JUNCTION_TEMP              ; 0                                     ; --            ; --          ; --             ;
; MISC_FILE                           ; ../memory_4k/memory_4k.bsf            ; --            ; --          ; --             ;
; MISC_FILE                           ; ../memory_4k/memory_4k_inst.vhd       ; --            ; --          ; --             ;
; MISC_FILE                           ; ../memory_4k/memory_4k.cmp            ; --            ; --          ; --             ;
; PARTITION_COLOR                     ; 16764057                              ; --            ; --          ; Top            ;
; PARTITION_FITTER_PRESERVATION_LEVEL ; PLACEMENT_AND_ROUTING                 ; --            ; --          ; Top            ;
; PARTITION_NETLIST_TYPE              ; SOURCE                                ; --            ; --          ; Top            ;
; POWER_BOARD_THERMAL_MODEL           ; None (CONSERVATIVE)                   ; --            ; --          ; --             ;
; POWER_PRESET_COOLING_SOLUTION       ; 23 MM HEAT SINK WITH 200 LFPM AIRFLOW ; --            ; --          ; --             ;
; PROJECT_OUTPUT_DIRECTORY            ; output_files                          ; --            ; --          ; --             ;
+-------------------------------------+---------------------------------------+---------------+-------------+----------------+


+-------------------------------------------------------------------------------------------------------------------------------+
; Flow Elapsed Time                                                                                                             ;
+---------------------------+--------------+-------------------------+---------------------+------------------------------------+
; Module Name               ; Elapsed Time ; Average Processors Used ; Peak Virtual Memory ; Total CPU Time (on all processors) ;
+---------------------------+--------------+-------------------------+---------------------+------------------------------------+
; Analysis & Synthesis      ; 00:00:06     ; 1.0                     ; 748 MB              ; 00:00:06                           ;
; Fitter                    ; 00:00:09     ; 1.0                     ; 740 MB              ; 00:00:09                           ;
; Assembler                 ; 00:00:01     ; 1.0                     ; 638 MB              ; 00:00:01                           ;
; TimeQuest Timing Analyzer ; 00:00:02     ; 1.0                     ; 602 MB              ; 00:00:01                           ;
; EDA Netlist Writer        ; 00:00:01     ; 1.0                     ; 790 MB              ; 00:00:01                           ;
; Total                     ; 00:00:19     ; --                      ; --                  ; 00:00:18                           ;
+---------------------------+--------------+-------------------------+---------------------+------------------------------------+


+--------------------------------------------------------------------------------------------------+
; Flow OS Summary                                                                                  ;
+---------------------------+-----------------------+----------------+------------+----------------+
; Module Name               ; Machine Hostname      ; OS Name        ; OS Version ; Processor type ;
+---------------------------+-----------------------+----------------+------------+----------------+
; Analysis & Synthesis      ; localhost.localdomain ; CentOS release ; 6          ; x86_64         ;
; Fitter                    ; localhost.localdomain ; CentOS release ; 6          ; x86_64         ;
; Assembler                 ; localhost.localdomain ; CentOS release ; 6          ; x86_64         ;
; TimeQuest Timing Analyzer ; localhost.localdomain ; CentOS release ; 6          ; x86_64         ;
; EDA Netlist Writer        ; localhost.localdomain ; CentOS release ; 6          ; x86_64         ;
+---------------------------+-----------------------+----------------+------------+----------------+


------------
; Flow Log ;
------------
quartus_map --read_settings_files=on --write_settings_files=off system -c system
quartus_fit --read_settings_files=off --write_settings_files=off system -c system
quartus_asm --read_settings_files=off --write_settings_files=off system -c system
quartus_sta system -c system
quartus_eda --read_settings_files=off --write_settings_files=off system -c system



